<?xml version="1.0" encoding="utf-8"?>
<TestRun id="0c7f3a38-7191-4918-9021-51715d2b0197" name="aguer@GUSTAVO-NTB 2026-06-17 09:15:56" runUser="GUSTAVO-NTB\aguer" xmlns="http://microsoft.com/schemas/VisualStudio/TeamTest/2010">
  <Times creation="2026-06-17T09:15:56.6094366-03:00" queuing="2026-06-17T09:15:56.6094372-03:00" start="2026-06-17T09:15:51.2216117-03:00" finish="2026-06-17T09:15:56.8512008-03:00" />
  <TestSettings name="default" id="b8766c35-48d3-4503-85c1-ab8671538add">
    <Deployment runDeploymentRoot="aguer_GUSTAVO-NTB_2026-06-17_09_15_56" />
  </TestSettings>
  <Results>
    <UnitTestResult executionId="4b87b366-032f-4745-9dd6-a19869b789ef" testId="d019fc42-a3ce-0118-619e-a26eb893bcf8" testName="Tests.CursoAlumnosServiceTests.CursoAlumnosServiceTests.GetAlumnosDisponiblesAsync_TodosInscriptos_DeberiaRetornarListaVacia" computerName="GUSTAVO-NTB" duration="00:00:00.0035599" startTime="2026-06-17T09:15:56.6988759-03:00" endTime="2026-06-17T09:15:56.7024253-03:00" testType="13cdc9d9-ddb5-4fa4-a97d-d965ccfc6d4b" outcome="Passed" testListId="8c84fa94-04c1-424b-9868-57a2d4851a1d" relativeResultsDirectory="4b87b366-032f-4745-9dd6-a19869b789ef" />
    <UnitTestResult executionId="a619bd5d-5dd1-4722-a2fe-94b6fdc81094" testId="b184e817-3635-7a0b-a6dd-415e15ad4879" testName="Tests.CursosServiceTests.CursosServiceTests.UpdateAsync_CursoExistente_DeberiaActualizarCurso" computerName="GUSTAVO-NTB" duration="00:00:00.0187613" startTime="2026-06-17T09:15:56.5488544-03:00" endTime="2026-06-17T09:15:56.5651921-03:00" testType="13cdc9d9-ddb5-4fa4-a97d-d965ccfc6d4b" outcome="Passed" testListId="8c84fa94-04c1-424b-9868-57a2d4851a1d" relativeResultsDirectory="a619bd5d-5dd1-4722-a2fe-94b6fdc81094" />
    <UnitTestResult executionId="8c256ec0-0484-4ddb-b0ee-69a8411d4a74" testId="77c236c3-c1d9-24a2-4768-2432139122f4" testName="Tests.CursosServiceTests.CursosServiceTests.CreateAsync_SiEsProfesor_DeberiaCrearCursoPendiente" computerName="GUSTAVO-NTB" duration="00:00:00.0045477" startTime="2026-06-17T09:15:56.6289005-03:00" endTime="2026-06-17T09:15:56.6332203-03:00" testType="13cdc9d9-ddb5-4fa4-a97d-d965ccfc6d4b" outcome="Passed" testListId="8c84fa94-04c1-424b-9868-57a2d4851a1d" relativeResultsDirectory="8c256ec0-0484-4ddb-b0ee-69a8411d4a74" />
    <UnitTestResult executionId="b6c251c9-445a-4aa0-96e0-a48e5725ad63" testId="4b6bcd18-c302-beaa-a9a7-4ae5a57159ee" testName="Tests.CursoAlumnosServiceTests.CursoAlumnosServiceTests.InscribirseAsync_AlumnoYaInscripto_DeberiaRetornarError" computerName="GUSTAVO-NTB" duration="00:00:00.0082197" startTime="2026-06-17T09:15:56.6560318-03:00" endTime="2026-06-17T09:15:56.6601418-03:00" testType="13cdc9d9-ddb5-4fa4-a97d-d965ccfc6d4b" outcome="Passed" testListId="8c84fa94-04c1-424b-9868-57a2d4851a1d" relativeResultsDirectory="b6c251c9-445a-4aa0-96e0-a48e5725ad63" />
    <UnitTestResult executionId="52679c7e-1a91-4d6c-8eb1-bcc76683ae81" testId="1597dd4f-7749-2f22-488f-d1e8968c7b0b" testName="Tests.CursoAlumnosServiceTests.CursoAlumnosServiceTests.GetActaRowsAsync_DeberiaRetornarAlumnosMapeados" computerName="GUSTAVO-NTB" duration="00:00:00.0063493" startTime="2026-06-17T09:15:56.7574383-03:00" endTime="2026-06-17T09:15:56.7635568-03:00" testType="13cdc9d9-ddb5-4fa4-a97d-d965ccfc6d4b" outcome="Passed" testListId="8c84fa94-04c1-424b-9868-57a2d4851a1d" relativeResultsDirectory="52679c7e-1a91-4d6c-8eb1-bcc76683ae81" />
    <UnitTestResult executionId="86a04655-9050-4afd-83e7-e8bbdb369d92" testId="017574f3-6000-9a30-7e27-7ad340006911" testName="Tests.CursosServiceTests.CursosServiceTests.CreateAsync_DeberiaGuardarDiasDeDictado" computerName="GUSTAVO-NTB" duration="00:00:00.0081570" startTime="2026-06-17T09:15:56.6500817-03:00" endTime="2026-06-17T09:15:56.6578711-03:00" testType="13cdc9d9-ddb5-4fa4-a97d-d965ccfc6d4b" outcome="Passed" testListId="8c84fa94-04c1-424b-9868-57a2d4851a1d" relativeResultsDirectory="86a04655-9050-4afd-83e7-e8bbdb369d92" />
    <UnitTestResult executionId="f3b04994-184f-450d-b2e0-090923c1d104" testId="ec47536e-49f6-cdf6-133c-bc9e7bf37952" testName="Tests.CursosServiceTests.CursosServiceTests.FinalizarAsync_CursoInexistente_DeberiaRetornarError" computerName="GUSTAVO-NTB" duration="00:00:00.0020487" startTime="2026-06-17T09:15:56.6268440-03:00" endTime="2026-06-17T09:15:56.6285481-03:00" testType="13cdc9d9-ddb5-4fa4-a97d-d965ccfc6d4b" outcome="Passed" testListId="8c84fa94-04c1-424b-9868-57a2d4851a1d" relativeResultsDirectory="f3b04994-184f-450d-b2e0-090923c1d104" />
    <UnitTestResult executionId="5496b067-2cf6-4821-a8df-7d39618624ba" testId="48a5bc25-a2e7-0eae-689b-88a9e7691541" testName="Tests.CursoAlumnosServiceTests.CursoAlumnosServiceTests.GetHistoriaAcademicaAsync_SinCursos_DeberiaRetornarValoresEnCero" computerName="GUSTAVO-NTB" duration="00:00:00.0056757" startTime="2026-06-17T09:15:56.7719217-03:00" endTime="2026-06-17T09:15:56.7770219-03:00" testType="13cdc9d9-ddb5-4fa4-a97d-d965ccfc6d4b" outcome="Passed" testListId="8c84fa94-04c1-424b-9868-57a2d4851a1d" relativeResultsDirectory="5496b067-2cf6-4821-a8df-7d39618624ba" />
    <UnitTestResult executionId="cd0b725d-74b3-4a2a-b1e2-d363e5ec91ac" testId="19ce1214-e8f6-4ea3-d4ee-e3207ae5462a" testName="Tests.CursoAlumnosServiceTests.CursoAlumnosServiceTests.GetActaModalAsync_CursoInexistente_DeberiaRetornarNull" computerName="GUSTAVO-NTB" duration="00:00:00.0034466" startTime="2026-06-17T09:15:56.6246620-03:00" endTime="2026-06-17T09:15:56.6278150-03:00" testType="13cdc9d9-ddb5-4fa4-a97d-d965ccfc6d4b" outcome="Passed" testListId="8c84fa94-04c1-424b-9868-57a2d4851a1d" relativeResultsDirectory="cd0b725d-74b3-4a2a-b1e2-d363e5ec91ac" />
    <UnitTestResult executionId="00a2bb75-d34d-42aa-ab97-eadd82e9e31e" testId="98600b01-c6a1-72e5-df73-cdace8eda862" testName="Tests.CursoAlumnosServiceTests.CursoAlumnosServiceTests.InscribirAlumnoAsync_SinCupos_DeberiaRetornarError" computerName="GUSTAVO-NTB" duration="00:00:00.0036968" startTime="2026-06-17T09:15:56.7675434-03:00" endTime="2026-06-17T09:15:56.7711946-03:00" testType="13cdc9d9-ddb5-4fa4-a97d-d965ccfc6d4b" outcome="Passed" testListId="8c84fa94-04c1-424b-9868-57a2d4851a1d" relativeResultsDirectory="00a2bb75-d34d-42aa-ab97-eadd82e9e31e" />
    <UnitTestResult executionId="d8fa3b0a-828a-4566-a0a4-1477b06eb1d2" testId="f554b1b3-ef1e-ae16-c9a7-a91163b96dfa" testName="Tests.CursosServiceTests.CursosServiceTests.GetEditByIdAsync_CursoExistente_DeberiaRetornarViewModel" computerName="GUSTAVO-NTB" duration="00:00:00.0081838" startTime="2026-06-17T09:15:56.5798920-03:00" endTime="2026-06-17T09:15:56.5879333-03:00" testType="13cdc9d9-ddb5-4fa4-a97d-d965ccfc6d4b" outcome="Passed" testListId="8c84fa94-04c1-424b-9868-57a2d4851a1d" relativeResultsDirectory="d8fa3b0a-828a-4566-a0a4-1477b06eb1d2" />
    <UnitTestResult executionId="2dede74c-8321-4eae-823a-04f3c88deaab" testId="6ae8dda9-8414-c4fd-1828-08278a0d5f20" testName="Tests.CursosServiceTests.CursosServiceTests.RechazarAsync_CursoInexistente_DeberiaRetornarError" computerName="GUSTAVO-NTB" duration="00:00:00.0021218" startTime="2026-06-17T09:15:56.5957732-03:00" endTime="2026-06-17T09:15:56.5976535-03:00" testType="13cdc9d9-ddb5-4fa4-a97d-d965ccfc6d4b" outcome="Passed" testListId="8c84fa94-04c1-424b-9868-57a2d4851a1d" relativeResultsDirectory="2dede74c-8321-4eae-823a-04f3c88deaab" />
    <UnitTestResult executionId="486119ce-92f4-47c3-a06c-9bd3cf273400" testId="c6a6ad63-ddf5-1566-c7fb-68b1d769c3e2" testName="Tests.CursosServiceTests.CursosServiceTests.GetOfertaAcademicaAsync_DeberiaMapearCorrectamente" computerName="GUSTAVO-NTB" duration="00:00:00.0024478" startTime="2026-06-17T09:15:56.6241749-03:00" endTime="2026-06-17T09:15:56.6264725-03:00" testType="13cdc9d9-ddb5-4fa4-a97d-d965ccfc6d4b" outcome="Passed" testListId="8c84fa94-04c1-424b-9868-57a2d4851a1d" relativeResultsDirectory="486119ce-92f4-47c3-a06c-9bd3cf273400" />
    <UnitTestResult executionId="11749ce7-317a-441f-912e-5576804f0532" testId="3e839e23-4705-a6b2-0866-926a651b7f01" testName="Tests.CursosServiceTests.CursosServiceTests.RechazarAsync_CursoNoPendiente_DeberiaRetornarError" computerName="GUSTAVO-NTB" duration="00:00:00.0030239" startTime="2026-06-17T09:15:56.5774415-03:00" endTime="2026-06-17T09:15:56.5796029-03:00" testType="13cdc9d9-ddb5-4fa4-a97d-d965ccfc6d4b" outcome="Passed" testListId="8c84fa94-04c1-424b-9868-57a2d4851a1d" relativeResultsDirectory="11749ce7-317a-441f-912e-5576804f0532" />
    <UnitTestResult executionId="6542e078-0c58-4e68-a923-baedbf66ba03" testId="0f29d0a6-55d7-363c-9cf5-46f56b89eeab" testName="Tests.CursosServiceTests.CursosServiceTests.GetDetailsByIdAsync_CursoInexistente_DeberiaRetornarNull" computerName="GUSTAVO-NTB" duration="00:00:00.0031946" startTime="2026-06-17T09:15:56.6073061-03:00" endTime="2026-06-17T09:15:56.6102578-03:00" testType="13cdc9d9-ddb5-4fa4-a97d-d965ccfc6d4b" outcome="Passed" testListId="8c84fa94-04c1-424b-9868-57a2d4851a1d" relativeResultsDirectory="6542e078-0c58-4e68-a923-baedbf66ba03" />
    <UnitTestResult executionId="fd45cc02-2e25-46a1-96d3-601e261f70e3" testId="ac1ee1c3-8543-36ac-5842-ae66ae561719" testName="Tests.CursoAlumnosServiceTests.CursoAlumnosServiceTests.InscribirseAsync_CursoNoAutorizado_DeberiaRetornarError" computerName="GUSTAVO-NTB" duration="00:00:00.0056307" startTime="2026-06-17T09:15:56.5770245-03:00" endTime="2026-06-17T09:15:56.5811068-03:00" testType="13cdc9d9-ddb5-4fa4-a97d-d965ccfc6d4b" outcome="Passed" testListId="8c84fa94-04c1-424b-9868-57a2d4851a1d" relativeResultsDirectory="fd45cc02-2e25-46a1-96d3-601e261f70e3" />
    <UnitTestResult executionId="51f9c305-0f25-4262-990a-f8600a0dad91" testId="af0c1ff6-431e-154e-b046-ffab9b3db2c0" testName="Tests.CursoAlumnosServiceTests.CursoAlumnosServiceTests.UpdateActaAsync_NotaInvalida_DeberiaRetornarError(nota: -1)" computerName="GUSTAVO-NTB" duration="00:00:00.0054790" startTime="2026-06-17T09:15:56.6864521-03:00" endTime="2026-06-17T09:15:56.6913244-03:00" testType="13cdc9d9-ddb5-4fa4-a97d-d965ccfc6d4b" outcome="Passed" testListId="8c84fa94-04c1-424b-9868-57a2d4851a1d" relativeResultsDirectory="51f9c305-0f25-4262-990a-f8600a0dad91" />
    <UnitTestResult executionId="ddba1f49-5068-4fe1-ac2f-912a37e87868" testId="f2eb4b69-8305-46aa-2abe-de35641c1e83" testName="Tests.ReportesServiceTests.ReportesServiceTests.GetInscriptosAsync_DeberiaRetornarInscriptosMapeados" computerName="GUSTAVO-NTB" duration="00:00:00.9952554" startTime="2026-06-17T09:15:55.5565643-03:00" endTime="2026-06-17T09:15:56.5322495-03:00" testType="13cdc9d9-ddb5-4fa4-a97d-d965ccfc6d4b" outcome="Passed" testListId="8c84fa94-04c1-424b-9868-57a2d4851a1d" relativeResultsDirectory="ddba1f49-5068-4fe1-ac2f-912a37e87868" />
    <UnitTestResult executionId="e2e24fe3-8c73-4766-b624-997124ce39a1" testId="e65a9963-335f-8b12-9b92-bee48e1e9a19" testName="Tests.CursosServiceTests.CursosServiceTests.GetAllAsync_DeberiaRetornarCursosMapeados" computerName="GUSTAVO-NTB" duration="00:00:00.0067916" startTime="2026-06-17T09:15:56.6170597-03:00" endTime="2026-06-17T09:15:56.6238780-03:00" testType="13cdc9d9-ddb5-4fa4-a97d-d965ccfc6d4b" outcome="Passed" testListId="8c84fa94-04c1-424b-9868-57a2d4851a1d" relativeResultsDirectory="e2e24fe3-8c73-4766-b624-997124ce39a1" />
    <UnitTestResult executionId="a137b2fb-e9fe-43f2-aa99-b8691155b1d6" testId="c40cb752-76f5-21be-d66c-493db3073278" testName="Tests.CursoAlumnosServiceTests.CursoAlumnosServiceTests.GetInscriptosModalAsync_DeberiaRetornarDatosCorrectos" computerName="GUSTAVO-NTB" duration="00:00:00.0059731" startTime="2026-06-17T09:15:56.7829555-03:00" endTime="2026-06-17T09:15:56.7890673-03:00" testType="13cdc9d9-ddb5-4fa4-a97d-d965ccfc6d4b" outcome="Passed" testListId="8c84fa94-04c1-424b-9868-57a2d4851a1d" relativeResultsDirectory="a137b2fb-e9fe-43f2-aa99-b8691155b1d6" />
    <UnitTestResult executionId="3e3b9023-a3db-4ca1-8629-bec78c0f1db1" testId="fd5c2a8d-8a55-388f-f945-130871525722" testName="Tests.CursoAlumnosServiceTests.CursoAlumnosServiceTests.UpdateActaAsync_DeberiaActualizarActaCorrectamente" computerName="GUSTAVO-NTB" duration="00:00:00.0074531" startTime="2026-06-17T09:15:56.6281616-03:00" endTime="2026-06-17T09:15:56.6354165-03:00" testType="13cdc9d9-ddb5-4fa4-a97d-d965ccfc6d4b" outcome="Passed" testListId="8c84fa94-04c1-424b-9868-57a2d4851a1d" relativeResultsDirectory="3e3b9023-a3db-4ca1-8629-bec78c0f1db1" />
    <UnitTestResult executionId="f8047274-6d11-417a-a7a0-c15cb82beee3" testId="76812535-59dd-f2ec-c7b9-d207c507e8a2" testName="Tests.CursosServiceTests.CursosServiceTests.CursoPerteneceProfesorAsync_CuandoNoExisteRelacion_DeberiaRetornarFalse" computerName="GUSTAVO-NTB" duration="00:00:00.0023283" startTime="2026-06-17T09:15:56.5883169-03:00" endTime="2026-06-17T09:15:56.5903846-03:00" testType="13cdc9d9-ddb5-4fa4-a97d-d965ccfc6d4b" outcome="Passed" testListId="8c84fa94-04c1-424b-9868-57a2d4851a1d" relativeResultsDirectory="f8047274-6d11-417a-a7a0-c15cb82beee3" />
    <UnitTestResult executionId="b1496276-418e-493f-b160-d53965da5d8e" testId="7ed0b5dc-6eb5-61f5-e60d-f3d06609e9b9" testName="Tests.CursosServiceTests.CursosServiceTests.DarBajaAsync_DeberiaCancelarCurso" computerName="GUSTAVO-NTB" duration="00:00:00.0030560" startTime="2026-06-17T09:15:56.5473685-03:00" endTime="2026-06-17T09:15:56.5484897-03:00" testType="13cdc9d9-ddb5-4fa4-a97d-d965ccfc6d4b" outcome="Passed" testListId="8c84fa94-04c1-424b-9868-57a2d4851a1d" relativeResultsDirectory="b1496276-418e-493f-b160-d53965da5d8e" />
    <UnitTestResult executionId="da7a9822-1ba8-46b1-ac98-66af758da905" testId="a9e12164-4a4e-23db-f75e-903a6cc5b2e8" testName="Tests.ReportesServiceTests.ReportesServiceTests.GetDashboardAsync_DeberiaRetornarIndicadoresCorrectos" computerName="GUSTAVO-NTB" duration="00:00:00.0051285" startTime="2026-06-17T09:15:56.5692810-03:00" endTime="2026-06-17T09:15:56.5741056-03:00" testType="13cdc9d9-ddb5-4fa4-a97d-d965ccfc6d4b" outcome="Passed" testListId="8c84fa94-04c1-424b-9868-57a2d4851a1d" relativeResultsDirectory="da7a9822-1ba8-46b1-ac98-66af758da905" />
    <UnitTestResult executionId="0eb518d3-0677-43b5-9d7d-c95458145d05" testId="f02a4979-adf5-bc2d-8107-e73c7bb656f2" testName="Tests.CursoAlumnosServiceTests.CursoAlumnosServiceTests.InscribirseAsync_CursoInexistente_DeberiaRetornarError" computerName="GUSTAVO-NTB" duration="00:00:00.0041970" startTime="2026-06-17T09:15:56.7895879-03:00" endTime="2026-06-17T09:15:56.7933302-03:00" testType="13cdc9d9-ddb5-4fa4-a97d-d965ccfc6d4b" outcome="Passed" testListId="8c84fa94-04c1-424b-9868-57a2d4851a1d" relativeResultsDirectory="0eb518d3-0677-43b5-9d7d-c95458145d05" />
    <UnitTestResult executionId="9b84699c-ae79-4521-90b2-458ba8c0ecf2" testId="f8f40462-0593-5b53-54f5-349daab0e987" testName="Tests.UnitTest1.Test1" computerName="GUSTAVO-NTB" duration="00:00:00.0026896" startTime="2026-06-17T09:15:55.5565496-03:00" endTime="2026-06-17T09:15:55.5571910-03:00" testType="13cdc9d9-ddb5-4fa4-a97d-d965ccfc6d4b" outcome="Passed" testListId="8c84fa94-04c1-424b-9868-57a2d4851a1d" relativeResultsDirectory="9b84699c-ae79-4521-90b2-458ba8c0ecf2" />
    <UnitTestResult executionId="96fa3e23-6f2f-4030-b21e-d2f40fc6ef47" testId="44135f29-6621-1b48-6424-0218ee20dfb0" testName="Tests.CursoAlumnosServiceTests.CursoAlumnosServiceTests.CambiarEstadoAlumnoAsync_AlumnoInexistente_DeberiaRetornarError" computerName="GUSTAVO-NTB" duration="00:00:00.0033176" startTime="2026-06-17T09:15:56.7165839-03:00" endTime="2026-06-17T09:15:56.7198439-03:00" testType="13cdc9d9-ddb5-4fa4-a97d-d965ccfc6d4b" outcome="Passed" testListId="8c84fa94-04c1-424b-9868-57a2d4851a1d" relativeResultsDirectory="96fa3e23-6f2f-4030-b21e-d2f40fc6ef47" />
    <UnitTestResult executionId="bb68ea45-51a4-43a8-a36f-57cad5d15a73" testId="b00f6447-add8-8c44-40c2-a647efd0db47" testName="Tests.CursoAlumnosServiceTests.CursoAlumnosServiceTests.GetActaModalAsync_CursoFinalizado_DeberiaIndicarlo" computerName="GUSTAVO-NTB" duration="00:00:00.0064958" startTime="2026-06-17T09:15:56.7365120-03:00" endTime="2026-06-17T09:15:56.7429478-03:00" testType="13cdc9d9-ddb5-4fa4-a97d-d965ccfc6d4b" outcome="Passed" testListId="8c84fa94-04c1-424b-9868-57a2d4851a1d" relativeResultsDirectory="bb68ea45-51a4-43a8-a36f-57cad5d15a73" />
    <UnitTestResult executionId="f78ffcbf-4d74-4132-bc58-e169eed25e7f" testId="5f497c36-12ce-a865-d42a-ba9ad03db7da" testName="Tests.CursoAlumnosServiceTests.CursoAlumnosServiceTests.GetInscriptosRowsAsync_CursoInexistente_DeberiaRetornarListaVacia" computerName="GUSTAVO-NTB" duration="00:00:00.0052788" startTime="2026-06-17T09:15:56.5478094-03:00" endTime="2026-06-17T09:15:56.5574248-03:00" testType="13cdc9d9-ddb5-4fa4-a97d-d965ccfc6d4b" outcome="Passed" testListId="8c84fa94-04c1-424b-9868-57a2d4851a1d" relativeResultsDirectory="f78ffcbf-4d74-4132-bc58-e169eed25e7f" />
    <UnitTestResult executionId="6dbfd764-5187-490b-ad74-5a6c64fbc5db" testId="ec0ed0d8-cc23-6797-10a5-522ff64bfcad" testName="Tests.CursoAlumnosServiceTests.CursoAlumnosServiceTests.CambiarEstadoAlumnoAsync_CursoFinalizado_DeberiaRetornarError" computerName="GUSTAVO-NTB" duration="00:00:00.0035486" startTime="2026-06-17T09:15:56.6822241-03:00" endTime="2026-06-17T09:15:56.6857387-03:00" testType="13cdc9d9-ddb5-4fa4-a97d-d965ccfc6d4b" outcome="Passed" testListId="8c84fa94-04c1-424b-9868-57a2d4851a1d" relativeResultsDirectory="6dbfd764-5187-490b-ad74-5a6c64fbc5db" />
    <UnitTestResult executionId="5bd8209b-d4a9-4498-8829-847d90fbde5a" testId="c55a4f8b-20ec-7b08-7d8f-84b7eb9da202" testName="Tests.CursosServiceTests.CursosServiceTests.GetOfertaAcademicaAsync_SinCursos_DeberiaRetornarListaVacia" computerName="GUSTAVO-NTB" duration="00:00:00.0067376" startTime="2026-06-17T09:15:56.5468020-03:00" endTime="2026-06-17T09:15:56.5470001-03:00" testType="13cdc9d9-ddb5-4fa4-a97d-d965ccfc6d4b" outcome="Passed" testListId="8c84fa94-04c1-424b-9868-57a2d4851a1d" relativeResultsDirectory="5bd8209b-d4a9-4498-8829-847d90fbde5a" />
    <UnitTestResult executionId="ab7ca3e7-d972-4415-ac14-a9cde4e80394" testId="478e3253-46bd-6916-d61e-bac7d0c04a30" testName="Tests.CursoAlumnosServiceTests.CursoAlumnosServiceTests.UpdateActaAsync_CursoFinalizado_DeberiaRetornarError" computerName="GUSTAVO-NTB" duration="00:00:00.0034176" startTime="2026-06-17T09:15:56.6787677-03:00" endTime="2026-06-17T09:15:56.6820904-03:00" testType="13cdc9d9-ddb5-4fa4-a97d-d965ccfc6d4b" outcome="Passed" testListId="8c84fa94-04c1-424b-9868-57a2d4851a1d" relativeResultsDirectory="ab7ca3e7-d972-4415-ac14-a9cde4e80394" />
    <UnitTestResult executionId="6df6beb9-e683-44af-9337-ab6b44c7ecec" testId="4141f70a-bb5e-dc7f-a5f3-855423c1e82a" testName="Tests.CursoAlumnosServiceTests.CursoAlumnosServiceTests.GetAlumnosDisponiblesAsync_CursoInexistente_DeberiaRetornarListaVacia" computerName="GUSTAVO-NTB" duration="00:00:00.0042426" startTime="2026-06-17T09:15:56.5896942-03:00" endTime="2026-06-17T09:15:56.5934978-03:00" testType="13cdc9d9-ddb5-4fa4-a97d-d965ccfc6d4b" outcome="Passed" testListId="8c84fa94-04c1-424b-9868-57a2d4851a1d" relativeResultsDirectory="6df6beb9-e683-44af-9337-ab6b44c7ecec" />
    <UnitTestResult executionId="089bbfab-6a52-47a6-9bf1-b73a773a9b01" testId="a58f1fb7-b728-e0ea-7093-4213eb2150af" testName="Tests.CursoAlumnosServiceTests.CursoAlumnosServiceTests.UpdateActaAsync_AlumnoDadoDeBaja_NoDeberiaModificarse" computerName="GUSTAVO-NTB" duration="00:00:00.0044214" startTime="2026-06-17T09:15:56.7121289-03:00" endTime="2026-06-17T09:15:56.7164442-03:00" testType="13cdc9d9-ddb5-4fa4-a97d-d965ccfc6d4b" outcome="Passed" testListId="8c84fa94-04c1-424b-9868-57a2d4851a1d" relativeResultsDirectory="089bbfab-6a52-47a6-9bf1-b73a773a9b01" />
    <UnitTestResult executionId="1c6d1a67-d77f-438c-a374-5350636ce8a1" testId="53cdbaf3-0bc9-f6cc-2ad2-e0d524412baa" testName="Tests.CursoAlumnosServiceTests.CursoAlumnosServiceTests.UpdateActaAsync_NotaInvalida_DeberiaRetornarError(nota: 11)" computerName="GUSTAVO-NTB" duration="00:00:00.0040032" startTime="2026-06-17T09:15:56.6914466-03:00" endTime="2026-06-17T09:15:56.6953839-03:00" testType="13cdc9d9-ddb5-4fa4-a97d-d965ccfc6d4b" outcome="Passed" testListId="8c84fa94-04c1-424b-9868-57a2d4851a1d" relativeResultsDirectory="1c6d1a67-d77f-438c-a374-5350636ce8a1" />
    <UnitTestResult executionId="caaf13da-f7c2-473d-8c1f-05e0496333af" testId="17e8eaf5-0672-7df0-b551-c80f2e5f67a9" testName="Tests.CursoAlumnosServiceTests.CursoAlumnosServiceTests.InscribirAlumnoAsync_CursoInexistente_DeberiaRetornarError" computerName="GUSTAVO-NTB" duration="00:00:00.0033822" startTime="2026-06-17T09:15:56.7503278-03:00" endTime="2026-06-17T09:15:56.7535883-03:00" testType="13cdc9d9-ddb5-4fa4-a97d-d965ccfc6d4b" outcome="Passed" testListId="8c84fa94-04c1-424b-9868-57a2d4851a1d" relativeResultsDirectory="caaf13da-f7c2-473d-8c1f-05e0496333af" />
    <UnitTestResult executionId="87a529bc-604d-463d-a9e3-4cd079490436" testId="43610ddf-0bea-5474-149a-05051b87bf9d" testName="Tests.CursosServiceTests.CursosServiceTests.AutoMapper_DeberiaTenerConfiguracionValida" computerName="GUSTAVO-NTB" duration="00:00:00.0028903" startTime="2026-06-17T09:15:56.6376764-03:00" endTime="2026-06-17T09:15:56.6389129-03:00" testType="13cdc9d9-ddb5-4fa4-a97d-d965ccfc6d4b" outcome="Passed" testListId="8c84fa94-04c1-424b-9868-57a2d4851a1d" relativeResultsDirectory="87a529bc-604d-463d-a9e3-4cd079490436" />
    <UnitTestResult executionId="d8b6502d-9ebf-4a7e-bc6d-ad3b84848ad9" testId="540f0feb-b506-4294-26a9-cae922553ea6" testName="Tests.CursosServiceTests.CursosServiceTests.UpdateAsync_DeberiaActualizarDiasDictado" computerName="GUSTAVO-NTB" duration="00:00:00.0057336" startTime="2026-06-17T09:15:56.5711125-03:00" endTime="2026-06-17T09:15:56.5771235-03:00" testType="13cdc9d9-ddb5-4fa4-a97d-d965ccfc6d4b" outcome="Passed" testListId="8c84fa94-04c1-424b-9868-57a2d4851a1d" relativeResultsDirectory="d8b6502d-9ebf-4a7e-bc6d-ad3b84848ad9" />
    <UnitTestResult executionId="e127d0c1-6831-437a-ab95-92fc0b1d6597" testId="05d83f37-b4f1-fd74-bffc-fba2fcdcdb0c" testName="Tests.CursosServiceTests.CursosServiceTests.RechazarAsync_MotivoVacio_DeberiaRetornarError" computerName="GUSTAVO-NTB" duration="00:00:00.0021286" startTime="2026-06-17T09:15:56.6417465-03:00" endTime="2026-06-17T09:15:56.6434289-03:00" testType="13cdc9d9-ddb5-4fa4-a97d-d965ccfc6d4b" outcome="Passed" testListId="8c84fa94-04c1-424b-9868-57a2d4851a1d" relativeResultsDirectory="e127d0c1-6831-437a-ab95-92fc0b1d6597" />
    <UnitTestResult executionId="151e7ccb-cb5e-40f2-9122-afe5a7ce0f4a" testId="229d09c5-f98d-3174-0b9f-4684ef7af4e2" testName="Tests.CursoAlumnosServiceTests.CursoAlumnosServiceTests.GenerarCertificadoAsync_NoCumpleCondiciones_DeberiaRetornarNull(estadoAlumno: Aprobado, estadoCurso: Autorizado)" computerName="GUSTAVO-NTB" duration="00:00:00.0044937" startTime="2026-06-17T09:15:56.6663100-03:00" endTime="2026-06-17T09:15:56.6707865-03:00" testType="13cdc9d9-ddb5-4fa4-a97d-d965ccfc6d4b" outcome="Passed" testListId="8c84fa94-04c1-424b-9868-57a2d4851a1d" relativeResultsDirectory="151e7ccb-cb5e-40f2-9122-afe5a7ce0f4a" />
    <UnitTestResult executionId="9d92a3e9-202d-44cc-ac08-52d4715d996f" testId="cf4d5128-4cb9-73b0-dee0-e2c403b1370d" testName="Tests.CursoAlumnosServiceTests.CursoAlumnosServiceTests.UpdateActaAsync_AsistenciaInvalida_DeberiaRetornarError(asistencia: -1)" computerName="GUSTAVO-NTB" duration="00:00:00.0056467" startTime="2026-06-17T09:15:56.6193448-03:00" endTime="2026-06-17T09:15:56.6243190-03:00" testType="13cdc9d9-ddb5-4fa4-a97d-d965ccfc6d4b" outcome="Passed" testListId="8c84fa94-04c1-424b-9868-57a2d4851a1d" relativeResultsDirectory="9d92a3e9-202d-44cc-ac08-52d4715d996f" />
    <UnitTestResult executionId="1220f93c-c758-4bd6-900a-25ef3288a6c7" testId="d9236f9c-d5a9-aed5-a23e-bdbc37951531" testName="Tests.CursoAlumnosServiceTests.CursoAlumnosServiceTests.UpdateActaAsync_AsistenciaInvalida_DeberiaRetornarError(asistencia: 11)" computerName="GUSTAVO-NTB" duration="00:00:00.0249988" startTime="2026-06-17T09:15:56.5951970-03:00" endTime="2026-06-17T09:15:56.6185049-03:00" testType="13cdc9d9-ddb5-4fa4-a97d-d965ccfc6d4b" outcome="Passed" testListId="8c84fa94-04c1-424b-9868-57a2d4851a1d" relativeResultsDirectory="1220f93c-c758-4bd6-900a-25ef3288a6c7" />
    <UnitTestResult executionId="8e621221-b3a3-444f-88d3-5c668a331231" testId="9f694034-0c6e-bf7f-cc13-eba8ef91b6d8" testName="Tests.CursoAlumnosServiceTests.CursoAlumnosServiceTests.GenerarCertificadoAsync_NoCumpleCondiciones_DeberiaRetornarNull(estadoAlumno: Inscripto, estadoCurso: Finalizado)" computerName="GUSTAVO-NTB" duration="00:00:00.0030612" startTime="2026-06-17T09:15:56.6711010-03:00" endTime="2026-06-17T09:15:56.6738241-03:00" testType="13cdc9d9-ddb5-4fa4-a97d-d965ccfc6d4b" outcome="Passed" testListId="8c84fa94-04c1-424b-9868-57a2d4851a1d" relativeResultsDirectory="8e621221-b3a3-444f-88d3-5c668a331231" />
    <UnitTestResult executionId="bc01eb09-5753-4f73-a6b8-69aa72857c63" testId="a75e5383-b4cf-7595-7cad-9770ca604c33" testName="Tests.CursoAlumnosServiceTests.CursoAlumnosServiceTests.InscribirseAsync_SinCupos_DeberiaRetornarError" computerName="GUSTAVO-NTB" duration="00:00:00.0095242" startTime="2026-06-17T09:15:56.5461672-03:00" endTime="2026-06-17T09:15:56.5474640-03:00" testType="13cdc9d9-ddb5-4fa4-a97d-d965ccfc6d4b" outcome="Passed" testListId="8c84fa94-04c1-424b-9868-57a2d4851a1d" relativeResultsDirectory="bc01eb09-5753-4f73-a6b8-69aa72857c63" />
    <UnitTestResult executionId="076daf81-bd48-4153-bfe0-094a60ddb56b" testId="b80b9f8f-8335-5069-8d9c-63308019b945" testName="Tests.CursosServiceTests.CursosServiceTests.AutorizarAsync_CursoInexistente_DeberiaRetornarError" computerName="GUSTAVO-NTB" duration="00:00:00.0029960" startTime="2026-06-17T09:15:56.6624248-03:00" endTime="2026-06-17T09:15:56.6655725-03:00" testType="13cdc9d9-ddb5-4fa4-a97d-d965ccfc6d4b" outcome="Passed" testListId="8c84fa94-04c1-424b-9868-57a2d4851a1d" relativeResultsDirectory="076daf81-bd48-4153-bfe0-094a60ddb56b" />
    <UnitTestResult executionId="ed7d2e25-900b-4f2b-9ffe-0897b3a341d6" testId="03349980-c1ba-bc3d-291f-8497b6c72f21" testName="Tests.CursosServiceTests.CursosServiceTests.DarBajaAsync_CursoConAlumnosActivos_DeberiaRetornarError" computerName="GUSTAVO-NTB" duration="00:00:00.9542756" startTime="2026-06-17T09:15:55.5554777-03:00" endTime="2026-06-17T09:15:56.4914292-03:00" testType="13cdc9d9-ddb5-4fa4-a97d-d965ccfc6d4b" outcome="Passed" testListId="8c84fa94-04c1-424b-9868-57a2d4851a1d" relativeResultsDirectory="ed7d2e25-900b-4f2b-9ffe-0897b3a341d6" />
    <UnitTestResult executionId="f14b234c-787b-4893-837a-0b4389c5d039" testId="24dda0b7-86f6-e295-213d-43fa90be4c07" testName="Tests.ReportesServiceTests.ReportesServiceTests.AutoMapper_DeberiaTenerConfiguracionValida" computerName="GUSTAVO-NTB" duration="00:00:00.0110312" startTime="2026-06-17T09:15:56.5501191-03:00" endTime="2026-06-17T09:15:56.5611442-03:00" testType="13cdc9d9-ddb5-4fa4-a97d-d965ccfc6d4b" outcome="Passed" testListId="8c84fa94-04c1-424b-9868-57a2d4851a1d" relativeResultsDirectory="f14b234c-787b-4893-837a-0b4389c5d039" />
    <UnitTestResult executionId="46f3333f-d9e4-4e0a-9683-fba5760cade4" testId="12390165-87a6-df2a-3d3a-b1eaad72dfc8" testName="Tests.CursosServiceTests.CursosServiceTests.FinalizarAsync_DeberiaFinalizarCurso" computerName="GUSTAVO-NTB" duration="00:00:00.0080157" startTime="2026-06-17T09:15:56.5289315-03:00" endTime="2026-06-17T09:15:56.5462942-03:00" testType="13cdc9d9-ddb5-4fa4-a97d-d965ccfc6d4b" outcome="Passed" testListId="8c84fa94-04c1-424b-9868-57a2d4851a1d" relativeResultsDirectory="46f3333f-d9e4-4e0a-9683-fba5760cade4" />
    <UnitTestResult executionId="6a27c367-840a-44ef-8b8d-cfa5959ab295" testId="3ed26338-121b-e0ec-fb62-f33b786f7ef2" testName="Tests.CursoAlumnosServiceTests.CursoAlumnosServiceTests.GetActaModalAsync_DeberiaRetornarActaCorrectamente" computerName="GUSTAVO-NTB" duration="00:00:00.0095273" startTime="2026-06-17T09:15:56.5259655-03:00" endTime="2026-06-17T09:15:56.5351213-03:00" testType="13cdc9d9-ddb5-4fa4-a97d-d965ccfc6d4b" outcome="Passed" testListId="8c84fa94-04c1-424b-9868-57a2d4851a1d" relativeResultsDirectory="6a27c367-840a-44ef-8b8d-cfa5959ab295" />
    <UnitTestResult executionId="0244c949-a627-4918-ba9a-c75e63f4a601" testId="0bddbc02-3de4-d2b9-182e-1f101dbafd4c" testName="Tests.CursoAlumnosServiceTests.CursoAlumnosServiceTests.InscribirAlumnoAsync_AlumnoYaInscripto_DeberiaRetornarError" computerName="GUSTAVO-NTB" duration="00:00:00.0038896" startTime="2026-06-17T09:15:56.7638093-03:00" endTime="2026-06-17T09:15:56.7674325-03:00" testType="13cdc9d9-ddb5-4fa4-a97d-d965ccfc6d4b" outcome="Passed" testListId="8c84fa94-04c1-424b-9868-57a2d4851a1d" relativeResultsDirectory="0244c949-a627-4918-ba9a-c75e63f4a601" />
    <UnitTestResult executionId="b28fdb01-b1f8-4bd3-8568-e9f9178e9eea" testId="5724b27e-f603-fda4-e795-66acd714af75" testName="Tests.CursosServiceTests.CursosServiceTests.GetOfertaAcademicaAsync_DeberiaCalcularInscripcionCorrectamente" computerName="GUSTAVO-NTB" duration="00:00:00.0117271" startTime="2026-06-17T09:15:56.4923090-03:00" endTime="2026-06-17T09:15:56.5033945-03:00" testType="13cdc9d9-ddb5-4fa4-a97d-d965ccfc6d4b" outcome="Passed" testListId="8c84fa94-04c1-424b-9868-57a2d4851a1d" relativeResultsDirectory="b28fdb01-b1f8-4bd3-8568-e9f9178e9eea" />
    <UnitTestResult executionId="e15c22f1-ac50-45c7-b795-4306b7749207" testId="03dce6c7-1cde-4c1c-7021-2e498679dd0a" testName="Tests.CursosServiceTests.CursosServiceTests.GetAllAsync_SinCursos_DeberiaRetornarListaVacia" computerName="GUSTAVO-NTB" duration="00:00:00.0043989" startTime="2026-06-17T09:15:56.6582615-03:00" endTime="2026-06-17T09:15:56.6622689-03:00" testType="13cdc9d9-ddb5-4fa4-a97d-d965ccfc6d4b" outcome="Passed" testListId="8c84fa94-04c1-424b-9868-57a2d4851a1d" relativeResultsDirectory="e15c22f1-ac50-45c7-b795-4306b7749207" />
    <UnitTestResult executionId="6cfcdfab-4133-4b05-9466-930a24b6be20" testId="d6414711-0d62-dd91-2b28-314f8e578fc1" testName="Tests.CursosServiceTests.CursosServiceTests.UpdateAsync_CursoInexistente_DeberiaRetornarFalse" computerName="GUSTAVO-NTB" duration="00:00:00.0036813" startTime="2026-06-17T09:15:56.6459067-03:00" endTime="2026-06-17T09:15:56.6495985-03:00" testType="13cdc9d9-ddb5-4fa4-a97d-d965ccfc6d4b" outcome="Passed" testListId="8c84fa94-04c1-424b-9868-57a2d4851a1d" relativeResultsDirectory="6cfcdfab-4133-4b05-9466-930a24b6be20" />
    <UnitTestResult executionId="aa0713ea-8102-4162-8550-3a815d3bf518" testId="55417778-a843-4f39-0e1e-bcae94e354c5" testName="Tests.CursosServiceTests.CursosServiceTests.GetEditByIdAsync_CursoInexistente_DeberiaRetornarNull" computerName="GUSTAVO-NTB" duration="00:00:00.0032685" startTime="2026-06-17T09:15:56.6106921-03:00" endTime="2026-06-17T09:15:56.6135893-03:00" testType="13cdc9d9-ddb5-4fa4-a97d-d965ccfc6d4b" outcome="Passed" testListId="8c84fa94-04c1-424b-9868-57a2d4851a1d" relativeResultsDirectory="aa0713ea-8102-4162-8550-3a815d3bf518" />
    <UnitTestResult executionId="b7d00936-3c2a-4aba-9ba2-946cb2a3460f" testId="1a0b4da2-bd05-1d05-1216-c46f05836413" testName="Tests.CursoAlumnosServiceTests.CursoAlumnosServiceTests.GetHistoriaAcademicaAsync_DeberiaCalcularIndicadoresCorrectamente" computerName="GUSTAVO-NTB" duration="00:00:00.0163761" startTime="2026-06-17T09:15:56.6358287-03:00" endTime="2026-06-17T09:15:56.6519666-03:00" testType="13cdc9d9-ddb5-4fa4-a97d-d965ccfc6d4b" outcome="Passed" testListId="8c84fa94-04c1-424b-9868-57a2d4851a1d" relativeResultsDirectory="b7d00936-3c2a-4aba-9ba2-946cb2a3460f" />
    <UnitTestResult executionId="450f42ed-0de3-4a03-b57b-bcd8c276a7e9" testId="b2af83c7-3d31-428b-c4a5-7e12cf170eb2" testName="Tests.CursoAlumnosServiceTests.CursoAlumnosServiceTests.GetInscriptosRowsAsync_DeberiaRetornarAlumnosMapeados" computerName="GUSTAVO-NTB" duration="00:00:00.9884008" startTime="2026-06-17T09:15:55.5565180-03:00" endTime="2026-06-17T09:15:56.5254760-03:00" testType="13cdc9d9-ddb5-4fa4-a97d-d965ccfc6d4b" outcome="Passed" testListId="8c84fa94-04c1-424b-9868-57a2d4851a1d" relativeResultsDirectory="450f42ed-0de3-4a03-b57b-bcd8c276a7e9" />
    <UnitTestResult executionId="7ca0e89f-fc95-4bbf-8c73-17d3893c2f8b" testId="7134c3aa-7f96-0fa3-85a5-574e74fe5437" testName="Tests.CursosServiceTests.CursosServiceTests.GetDetailsByIdAsync_CursoExistente_DeberiaRetornarViewModel" computerName="GUSTAVO-NTB" duration="00:00:00.0050769" startTime="2026-06-17T09:15:56.5908599-03:00" endTime="2026-06-17T09:15:56.5954472-03:00" testType="13cdc9d9-ddb5-4fa4-a97d-d965ccfc6d4b" outcome="Passed" testListId="8c84fa94-04c1-424b-9868-57a2d4851a1d" relativeResultsDirectory="7ca0e89f-fc95-4bbf-8c73-17d3893c2f8b" />
    <UnitTestResult executionId="fe513462-9f70-4b36-b29b-857ae3b3bbed" testId="08777e81-a50f-1fc4-53d0-9a63ca40d0ee" testName="Tests.CursoAlumnosServiceTests.CursoAlumnosServiceTests.GetInscriptosModalAsync_CursoFinalizado_DeberiaIndicarlo" computerName="GUSTAVO-NTB" duration="00:00:00.0080646" startTime="2026-06-17T09:15:56.5814650-03:00" endTime="2026-06-17T09:15:56.5892976-03:00" testType="13cdc9d9-ddb5-4fa4-a97d-d965ccfc6d4b" outcome="Passed" testListId="8c84fa94-04c1-424b-9868-57a2d4851a1d" relativeResultsDirectory="fe513462-9f70-4b36-b29b-857ae3b3bbed" />
    <UnitTestResult executionId="ecbfde7d-affe-4b30-98ab-57b35b4d4334" testId="38a7abd1-3950-60de-4eeb-b8afa0e191be" testName="Tests.CursoAlumnosServiceTests.CursoAlumnosServiceTests.InscribirAlumnoAsync_DeberiaInscribirAlumno" computerName="GUSTAVO-NTB" duration="00:00:00.0059229" startTime="2026-06-17T09:15:56.7060266-03:00" endTime="2026-06-17T09:15:56.7119489-03:00" testType="13cdc9d9-ddb5-4fa4-a97d-d965ccfc6d4b" outcome="Passed" testListId="8c84fa94-04c1-424b-9868-57a2d4851a1d" relativeResultsDirectory="ecbfde7d-affe-4b30-98ab-57b35b4d4334" />
    <UnitTestResult executionId="d3ca30be-5c20-473d-81c4-28c5d4d65ad0" testId="692cd5b8-39d5-5883-a324-83919c071439" testName="Tests.CursoAlumnosServiceTests.CursoAlumnosServiceTests.InscribirAlumnoAsync_CursoFinalizado_DeberiaRetornarError" computerName="GUSTAVO-NTB" duration="00:00:00.0033073" startTime="2026-06-17T09:15:56.7537027-03:00" endTime="2026-06-17T09:15:56.7570823-03:00" testType="13cdc9d9-ddb5-4fa4-a97d-d965ccfc6d4b" outcome="Passed" testListId="8c84fa94-04c1-424b-9868-57a2d4851a1d" relativeResultsDirectory="d3ca30be-5c20-473d-81c4-28c5d4d65ad0" />
    <UnitTestResult executionId="a175d261-0d3c-48f9-b85f-f06794161a98" testId="ab58597b-d4e0-37b6-718a-85930ec1c3a8" testName="Tests.CursosServiceTests.CursosServiceTests.DarBajaAsync_CursoInexistente_DeberiaRetornarError" computerName="GUSTAVO-NTB" duration="00:00:00.0054348" startTime="2026-06-17T09:15:56.5656234-03:00" endTime="2026-06-17T09:15:56.5707247-03:00" testType="13cdc9d9-ddb5-4fa4-a97d-d965ccfc6d4b" outcome="Passed" testListId="8c84fa94-04c1-424b-9868-57a2d4851a1d" relativeResultsDirectory="a175d261-0d3c-48f9-b85f-f06794161a98" />
    <UnitTestResult executionId="6889ce76-aa05-470d-90a3-819b831cadb0" testId="907cf49e-3cc7-bfb3-78f6-1164ea91b2a7" testName="Tests.CursosServiceTests.CursosServiceTests.AutorizarAsync_DeberiaAutorizarCurso" computerName="GUSTAVO-NTB" duration="00:00:00.0026871" startTime="2026-06-17T09:15:56.6336504-03:00" endTime="2026-06-17T09:15:56.6359352-03:00" testType="13cdc9d9-ddb5-4fa4-a97d-d965ccfc6d4b" outcome="Passed" testListId="8c84fa94-04c1-424b-9868-57a2d4851a1d" relativeResultsDirectory="6889ce76-aa05-470d-90a3-819b831cadb0" />
    <UnitTestResult executionId="d0cb0062-3176-45b9-9aed-6cc9cc4e911a" testId="43339122-3af2-8478-cb3e-15dd813a2ab0" testName="Tests.CursoAlumnosServiceTests.CursoAlumnosServiceTests.GenerarCertificadoAsync_InscripcionInexistente_DeberiaRetornarNull" computerName="GUSTAVO-NTB" duration="00:00:00.0033980" startTime="2026-06-17T09:15:56.7025657-03:00" endTime="2026-06-17T09:15:56.7059078-03:00" testType="13cdc9d9-ddb5-4fa4-a97d-d965ccfc6d4b" outcome="Passed" testListId="8c84fa94-04c1-424b-9868-57a2d4851a1d" relativeResultsDirectory="d0cb0062-3176-45b9-9aed-6cc9cc4e911a" />
    <UnitTestResult executionId="50881567-73dd-4daf-95d5-744c65611e35" testId="ccaf5847-76c8-beb3-504c-b39b9a381f79" testName="Tests.ReportesServiceTests.ReportesServiceTests.GetNotasAsync_SinDatos_DeberiaRetornarListaVacia" computerName="GUSTAVO-NTB" duration="00:00:00.0041396" startTime="2026-06-17T09:15:56.5483226-03:00" endTime="2026-06-17T09:15:56.5495911-03:00" testType="13cdc9d9-ddb5-4fa4-a97d-d965ccfc6d4b" outcome="Passed" testListId="8c84fa94-04c1-424b-9868-57a2d4851a1d" relativeResultsDirectory="50881567-73dd-4daf-95d5-744c65611e35" />
    <UnitTestResult executionId="c445a029-7008-4a01-b999-bd7f9ddc7f1f" testId="8c2df97e-6020-077a-ceb3-2706de47ad9e" testName="Tests.ReportesServiceTests.ReportesServiceTests.GetCursosAsync_DeberiaRetornarCursosMapeados" computerName="GUSTAVO-NTB" duration="00:00:00.0129506" startTime="2026-06-17T09:15:56.5326872-03:00" endTime="2026-06-17T09:15:56.5479475-03:00" testType="13cdc9d9-ddb5-4fa4-a97d-d965ccfc6d4b" outcome="Passed" testListId="8c84fa94-04c1-424b-9868-57a2d4851a1d" relativeResultsDirectory="c445a029-7008-4a01-b999-bd7f9ddc7f1f" />
    <UnitTestResult executionId="2185e98f-a71f-42f6-bb22-6c896a59101a" testId="64d75074-b432-b5e6-f1cc-e2daa98cdcd0" testName="Tests.CursoAlumnosServiceTests.CursoAlumnosServiceTests.GetActaRowsAsync_CursoInexistente_DeberiaRetornarListaVacia" computerName="GUSTAVO-NTB" duration="00:00:00.0037406" startTime="2026-06-17T09:15:56.7430963-03:00" endTime="2026-06-17T09:15:56.7467804-03:00" testType="13cdc9d9-ddb5-4fa4-a97d-d965ccfc6d4b" outcome="Passed" testListId="8c84fa94-04c1-424b-9868-57a2d4851a1d" relativeResultsDirectory="2185e98f-a71f-42f6-bb22-6c896a59101a" />
    <UnitTestResult executionId="7fb23eb8-bd1b-41cc-a58d-593e49e167f3" testId="5b4790a0-b7a8-ba4f-4da8-1c8fd92f7a83" testName="Tests.CursoAlumnosServiceTests.CursoAlumnosServiceTests.GenerarCertificadoAsync_NoCumpleCondiciones_DeberiaRetornarNull(estadoAlumno: Desaprobado, estadoCurso: Finalizado)" computerName="GUSTAVO-NTB" duration="00:00:00.0058455" startTime="2026-06-17T09:15:56.6621050-03:00" endTime="2026-06-17T09:15:56.6660766-03:00" testType="13cdc9d9-ddb5-4fa4-a97d-d965ccfc6d4b" outcome="Passed" testListId="8c84fa94-04c1-424b-9868-57a2d4851a1d" relativeResultsDirectory="7fb23eb8-bd1b-41cc-a58d-593e49e167f3" />
    <UnitTestResult executionId="f32ba047-b1b9-4897-89cf-7cfbb23b4e33" testId="36b47268-4ac5-a82b-c145-8e73a04faddd" testName="Tests.CursoAlumnosServiceTests.CursoAlumnosServiceTests.InscribirseAsync_DeberiaInscribirAlumno" computerName="GUSTAVO-NTB" duration="00:00:00.0057395" startTime="2026-06-17T09:15:56.5697490-03:00" endTime="2026-06-17T09:15:56.5753226-03:00" testType="13cdc9d9-ddb5-4fa4-a97d-d965ccfc6d4b" outcome="Passed" testListId="8c84fa94-04c1-424b-9868-57a2d4851a1d" relativeResultsDirectory="f32ba047-b1b9-4897-89cf-7cfbb23b4e33" />
    <UnitTestResult executionId="7af6e49b-30ff-449d-be69-d17df9971256" testId="8d4dbc93-ee2a-4f59-76d2-5b97b5fb0fcd" testName="Tests.CursoAlumnosServiceTests.CursoAlumnosServiceTests.GenerarCertificadoAsync_DeberiaGenerarPdf" computerName="GUSTAVO-NTB" duration="00:00:00.0192721" startTime="2026-06-17T09:15:56.5610159-03:00" endTime="2026-06-17T09:15:56.5694236-03:00" testType="13cdc9d9-ddb5-4fa4-a97d-d965ccfc6d4b" outcome="Passed" testListId="8c84fa94-04c1-424b-9868-57a2d4851a1d" relativeResultsDirectory="7af6e49b-30ff-449d-be69-d17df9971256" />
    <UnitTestResult executionId="9efb22b2-8c0d-4464-8bb5-3d1d0247583c" testId="1ae68696-74a4-ef04-2a75-bddebf14d31b" testName="Tests.CursoAlumnosServiceTests.CursoAlumnosServiceTests.GetAlumnosDisponiblesAsync_ConInscriptos_DeberiaExcluirlos" computerName="GUSTAVO-NTB" duration="00:00:00.0033034" startTime="2026-06-17T09:15:56.7468994-03:00" endTime="2026-06-17T09:15:56.7501856-03:00" testType="13cdc9d9-ddb5-4fa4-a97d-d965ccfc6d4b" outcome="Passed" testListId="8c84fa94-04c1-424b-9868-57a2d4851a1d" relativeResultsDirectory="9efb22b2-8c0d-4464-8bb5-3d1d0247583c" />
    <UnitTestResult executionId="4c038cbd-0c4a-455f-a3c1-c8f590ce9531" testId="dd11c3ba-c661-0c62-02a6-8bcdf438cb40" testName="Tests.CursoAlumnosServiceTests.CursoAlumnosServiceTests.GetHistoriaAcademicaAsync_DeberiaIgnorarCursosSinNotaEnPromedio" computerName="GUSTAVO-NTB" duration="00:00:00.0056442" startTime="2026-06-17T09:15:56.7772037-03:00" endTime="2026-06-17T09:15:56.7827952-03:00" testType="13cdc9d9-ddb5-4fa4-a97d-d965ccfc6d4b" outcome="Passed" testListId="8c84fa94-04c1-424b-9868-57a2d4851a1d" relativeResultsDirectory="4c038cbd-0c4a-455f-a3c1-c8f590ce9531" />
    <UnitTestResult executionId="bba7e2a7-ea02-4e10-82fc-041d506a9829" testId="ebd95c5b-8f0a-7c89-0922-3692bd26ea3c" testName="Tests.CursoAlumnosServiceTests.CursoAlumnosServiceTests.GetAlumnosDisponiblesAsync_SinInscriptos_DeberiaRetornarTodosLosAlumnos" computerName="GUSTAVO-NTB" duration="00:00:00.0047703" startTime="2026-06-17T09:15:56.6741562-03:00" endTime="2026-06-17T09:15:56.6786134-03:00" testType="13cdc9d9-ddb5-4fa4-a97d-d965ccfc6d4b" outcome="Passed" testListId="8c84fa94-04c1-424b-9868-57a2d4851a1d" relativeResultsDirectory="bba7e2a7-ea02-4e10-82fc-041d506a9829" />
    <UnitTestResult executionId="225b7671-5085-4eef-ad0f-721233187121" testId="bd81582d-d2eb-8ad6-3543-5eb801f0943f" testName="Tests.CursosServiceTests.CursosServiceTests.FinalizarAsync_ConAlumnosPendientes_DeberiaRetornarError" computerName="GUSTAVO-NTB" duration="00:00:00.0022856" startTime="2026-06-17T09:15:56.6393314-03:00" endTime="2026-06-17T09:15:56.6413266-03:00" testType="13cdc9d9-ddb5-4fa4-a97d-d965ccfc6d4b" outcome="Passed" testListId="8c84fa94-04c1-424b-9868-57a2d4851a1d" relativeResultsDirectory="225b7671-5085-4eef-ad0f-721233187121" />
    <UnitTestResult executionId="df6343d2-a7f9-407d-a3ec-690820e4c4f4" testId="5b27b537-47b5-06e8-e39c-d43263c5e3aa" testName="Tests.CursoAlumnosServiceTests.CursoAlumnosServiceTests.UpdateActaAsync_CursoInexistente_DeberiaRetornarError" computerName="GUSTAVO-NTB" duration="00:00:00.0032380" startTime="2026-06-17T09:15:56.7199839-03:00" endTime="2026-06-17T09:15:56.7231588-03:00" testType="13cdc9d9-ddb5-4fa4-a97d-d965ccfc6d4b" outcome="Passed" testListId="8c84fa94-04c1-424b-9868-57a2d4851a1d" relativeResultsDirectory="df6343d2-a7f9-407d-a3ec-690820e4c4f4" />
    <UnitTestResult executionId="0cd3dee1-e267-4b4c-8a40-7930f2ee86ab" testId="20e2c720-9af2-aa39-c947-7ff3c6f0e20c" testName="Tests.CursosServiceTests.CursosServiceTests.FinalizarAsync_CursoNoAutorizado_DeberiaRetornarError" computerName="GUSTAVO-NTB" duration="00:00:00.0032220" startTime="2026-06-17T09:15:56.6137365-03:00" endTime="2026-06-17T09:15:56.6169232-03:00" testType="13cdc9d9-ddb5-4fa4-a97d-d965ccfc6d4b" outcome="Passed" testListId="8c84fa94-04c1-424b-9868-57a2d4851a1d" relativeResultsDirectory="0cd3dee1-e267-4b4c-8a40-7930f2ee86ab" />
    <UnitTestResult executionId="a9847b29-08ad-4380-92d4-51496e772e0a" testId="cdebdf39-a063-2a23-ef4d-0efa5741165b" testName="Tests.ReportesServiceTests.ReportesServiceTests.GetNotasAsync_DeberiaRetornarNotasMapeadas" computerName="GUSTAVO-NTB" duration="00:00:00.0080253" startTime="2026-06-17T09:15:56.5614172-03:00" endTime="2026-06-17T09:15:56.5688654-03:00" testType="13cdc9d9-ddb5-4fa4-a97d-d965ccfc6d4b" outcome="Passed" testListId="8c84fa94-04c1-424b-9868-57a2d4851a1d" relativeResultsDirectory="a9847b29-08ad-4380-92d4-51496e772e0a" />
    <UnitTestResult executionId="0a99fdb6-6de2-4a4a-8a18-45834169f8e1" testId="d5afc16d-da3f-9ddd-7c2d-33da8c05b332" testName="Tests.CursosServiceTests.CursosServiceTests.CreateAsync_SiNoEsProfesor_DeberiaCrearCursoAutorizado" computerName="GUSTAVO-NTB" duration="00:00:00.0244314" startTime="2026-06-17T09:15:56.5038497-03:00" endTime="2026-06-17T09:15:56.5282408-03:00" testType="13cdc9d9-ddb5-4fa4-a97d-d965ccfc6d4b" outcome="Passed" testListId="8c84fa94-04c1-424b-9868-57a2d4851a1d" relativeResultsDirectory="0a99fdb6-6de2-4a4a-8a18-45834169f8e1" />
    <UnitTestResult executionId="37c6c28f-56d5-401e-9d12-39727648641b" testId="3895ab1c-644b-acb2-24a9-fa8cddbb38e7" testName="Tests.CursoAlumnosServiceTests.CursoAlumnosServiceTests.CambiarEstadoAlumnoAsync_DeberiaActualizarEstado" computerName="GUSTAVO-NTB" duration="00:00:00.0130853" startTime="2026-06-17T09:15:56.7241478-03:00" endTime="2026-06-17T09:15:56.7363466-03:00" testType="13cdc9d9-ddb5-4fa4-a97d-d965ccfc6d4b" outcome="Passed" testListId="8c84fa94-04c1-424b-9868-57a2d4851a1d" relativeResultsDirectory="37c6c28f-56d5-401e-9d12-39727648641b" />
    <UnitTestResult executionId="2c29973b-b5e3-4507-81da-ba84e48a7648" testId="10b7f33a-268e-f86d-9e65-c5a9de0ec6c5" testName="Tests.CursosServiceTests.CursosServiceTests.RechazarAsync_DeberiaRechazarCurso" computerName="GUSTAVO-NTB" duration="00:00:00.0033762" startTime="2026-06-17T09:15:56.6006569-03:00" endTime="2026-06-17T09:15:56.6040035-03:00" testType="13cdc9d9-ddb5-4fa4-a97d-d965ccfc6d4b" outcome="Passed" testListId="8c84fa94-04c1-424b-9868-57a2d4851a1d" relativeResultsDirectory="2c29973b-b5e3-4507-81da-ba84e48a7648" />
    <UnitTestResult executionId="ba4d1622-fc14-4cd5-93c5-626c1ee8080a" testId="50d110e2-241e-75b4-ca40-47e611645066" testName="Tests.ReportesServiceTests.ReportesServiceTests.GetCursosAsync_SinResultados_DeberiaRetornarListaVacia" computerName="GUSTAVO-NTB" duration="00:00:00.0074538" startTime="2026-06-17T09:15:56.5745100-03:00" endTime="2026-06-17T09:15:56.5816192-03:00" testType="13cdc9d9-ddb5-4fa4-a97d-d965ccfc6d4b" outcome="Passed" testListId="8c84fa94-04c1-424b-9868-57a2d4851a1d" relativeResultsDirectory="ba4d1622-fc14-4cd5-93c5-626c1ee8080a" />
    <UnitTestResult executionId="10816a05-94fe-46f8-92b4-f16a33d565a5" testId="a87f0d9a-7927-5a08-af6b-a96cbe9eb1cd" testName="Tests.CursosServiceTests.CursosServiceTests.DarBajaAsync_CursoYaCancelado_DeberiaRetornarError" computerName="GUSTAVO-NTB" duration="00:00:00.0026528" startTime="2026-06-17T09:15:56.5980198-03:00" endTime="2026-06-17T09:15:56.6003821-03:00" testType="13cdc9d9-ddb5-4fa4-a97d-d965ccfc6d4b" outcome="Passed" testListId="8c84fa94-04c1-424b-9868-57a2d4851a1d" relativeResultsDirectory="10816a05-94fe-46f8-92b4-f16a33d565a5" />
    <UnitTestResult executionId="d71f7c57-79fd-4297-99c1-689def07e501" testId="c70286c4-e0e5-7213-321d-d8ed5b3a8eff" testName="Tests.CursosServiceTests.CursosServiceTests.FinalizarAsync_CursoYaFinalizado_DeberiaRetornarError" computerName="GUSTAVO-NTB" duration="00:00:00.0032027" startTime="2026-06-17T09:15:56.6659828-03:00" endTime="2026-06-17T09:15:56.6688054-03:00" testType="13cdc9d9-ddb5-4fa4-a97d-d965ccfc6d4b" outcome="Passed" testListId="8c84fa94-04c1-424b-9868-57a2d4851a1d" relativeResultsDirectory="d71f7c57-79fd-4297-99c1-689def07e501" />
    <UnitTestResult executionId="613f801c-08f3-4071-b01c-741ec2d5a367" testId="686f06c5-e088-9c7c-f3da-0cd5de080e13" testName="Tests.CursoAlumnosServiceTests.CursoAlumnosServiceTests.GetInscriptosModalAsync_CursoInexistente_DeberiaRetornarNull" computerName="GUSTAVO-NTB" duration="00:00:00.0033152" startTime="2026-06-17T09:15:56.6955527-03:00" endTime="2026-06-17T09:15:56.6987527-03:00" testType="13cdc9d9-ddb5-4fa4-a97d-d965ccfc6d4b" outcome="Passed" testListId="8c84fa94-04c1-424b-9868-57a2d4851a1d" relativeResultsDirectory="613f801c-08f3-4071-b01c-741ec2d5a367" />
    <UnitTestResult executionId="036218aa-a688-4d28-8a82-4df905d4324d" testId="4c5a94fd-b714-dea0-3b07-8da2987398e6" testName="Tests.CursosServiceTests.CursosServiceTests.CursoPerteneceProfesorAsync_CuandoExisteRelacion_DeberiaRetornarTrue" computerName="GUSTAVO-NTB" duration="00:00:00.0029292" startTime="2026-06-17T09:15:56.6045904-03:00" endTime="2026-06-17T09:15:56.6069136-03:00" testType="13cdc9d9-ddb5-4fa4-a97d-d965ccfc6d4b" outcome="Passed" testListId="8c84fa94-04c1-424b-9868-57a2d4851a1d" relativeResultsDirectory="036218aa-a688-4d28-8a82-4df905d4324d" />
    <UnitTestResult executionId="0c8270a9-43f0-49eb-9540-1d6025a815a0" testId="306a8cbb-18fe-448a-e08f-5a2cfe3e5521" testName="Tests.CursosServiceTests.CursosServiceTests.AutorizarAsync_CursoNoPendiente_DeberiaRetornarError" computerName="GUSTAVO-NTB" duration="00:00:00.0022452" startTime="2026-06-17T09:15:56.6438265-03:00" endTime="2026-06-17T09:15:56.6456819-03:00" testType="13cdc9d9-ddb5-4fa4-a97d-d965ccfc6d4b" outcome="Passed" testListId="8c84fa94-04c1-424b-9868-57a2d4851a1d" relativeResultsDirectory="0c8270a9-43f0-49eb-9540-1d6025a815a0" />
  </Results>
  <TestDefinitions>
    <UnitTest name="Tests.CursosServiceTests.CursosServiceTests.DarBajaAsync_CursoInexistente_DeberiaRetornarError" storage="c:\projects\kurse\tests\bin\debug\net10.0\tests.dll" id="ab58597b-d4e0-37b6-718a-85930ec1c3a8">
      <Execution id="a175d261-0d3c-48f9-b85f-f06794161a98" />
      <TestMethod codeBase="C:\Projects\Kurse\Tests\bin\Debug\net10.0\Tests.dll" adapterTypeName="executor://xunit/VsTestRunner3/netcore/" className="Tests.CursosServiceTests.CursosServiceTests" name="DarBajaAsync_CursoInexistente_DeberiaRetornarError" />
    </UnitTest>
    <UnitTest name="Tests.CursoAlumnosServiceTests.CursoAlumnosServiceTests.GetActaRowsAsync_CursoInexistente_DeberiaRetornarListaVacia" storage="c:\projects\kurse\tests\bin\debug\net10.0\tests.dll" id="64d75074-b432-b5e6-f1cc-e2daa98cdcd0">
      <Execution id="2185e98f-a71f-42f6-bb22-6c896a59101a" />
      <TestMethod codeBase="C:\Projects\Kurse\Tests\bin\Debug\net10.0\Tests.dll" adapterTypeName="executor://xunit/VsTestRunner3/netcore/" className="Tests.CursoAlumnosServiceTests.CursoAlumnosServiceTests" name="GetActaRowsAsync_CursoInexistente_DeberiaRetornarListaVacia" />
    </UnitTest>
    <UnitTest name="Tests.CursosServiceTests.CursosServiceTests.FinalizarAsync_CursoInexistente_DeberiaRetornarError" storage="c:\projects\kurse\tests\bin\debug\net10.0\tests.dll" id="ec47536e-49f6-cdf6-133c-bc9e7bf37952">
      <Execution id="f3b04994-184f-450d-b2e0-090923c1d104" />
      <TestMethod codeBase="C:\Projects\Kurse\Tests\bin\Debug\net10.0\Tests.dll" adapterTypeName="executor://xunit/VsTestRunner3/netcore/" className="Tests.CursosServiceTests.CursosServiceTests" name="FinalizarAsync_CursoInexistente_DeberiaRetornarError" />
    </UnitTest>
    <UnitTest name="Tests.CursosServiceTests.CursosServiceTests.DarBajaAsync_DeberiaCancelarCurso" storage="c:\projects\kurse\tests\bin\debug\net10.0\tests.dll" id="7ed0b5dc-6eb5-61f5-e60d-f3d06609e9b9">
      <Execution id="b1496276-418e-493f-b160-d53965da5d8e" />
      <TestMethod codeBase="C:\Projects\Kurse\Tests\bin\Debug\net10.0\Tests.dll" adapterTypeName="executor://xunit/VsTestRunner3/netcore/" className="Tests.CursosServiceTests.CursosServiceTests" name="DarBajaAsync_DeberiaCancelarCurso" />
    </UnitTest>
    <UnitTest name="Tests.CursoAlumnosServiceTests.CursoAlumnosServiceTests.GetInscriptosModalAsync_CursoInexistente_DeberiaRetornarNull" storage="c:\projects\kurse\tests\bin\debug\net10.0\tests.dll" id="686f06c5-e088-9c7c-f3da-0cd5de080e13">
      <Execution id="613f801c-08f3-4071-b01c-741ec2d5a367" />
      <TestMethod codeBase="C:\Projects\Kurse\Tests\bin\Debug\net10.0\Tests.dll" adapterTypeName="executor://xunit/VsTestRunner3/netcore/" className="Tests.CursoAlumnosServiceTests.CursoAlumnosServiceTests" name="GetInscriptosModalAsync_CursoInexistente_DeberiaRetornarNull" />
    </UnitTest>
    <UnitTest name="Tests.CursoAlumnosServiceTests.CursoAlumnosServiceTests.InscribirAlumnoAsync_AlumnoYaInscripto_DeberiaRetornarError" storage="c:\projects\kurse\tests\bin\debug\net10.0\tests.dll" id="0bddbc02-3de4-d2b9-182e-1f101dbafd4c">
      <Execution id="0244c949-a627-4918-ba9a-c75e63f4a601" />
      <TestMethod codeBase="C:\Projects\Kurse\Tests\bin\Debug\net10.0\Tests.dll" adapterTypeName="executor://xunit/VsTestRunner3/netcore/" className="Tests.CursoAlumnosServiceTests.CursoAlumnosServiceTests" name="InscribirAlumnoAsync_AlumnoYaInscripto_DeberiaRetornarError" />
    </UnitTest>
    <UnitTest name="Tests.CursoAlumnosServiceTests.CursoAlumnosServiceTests.UpdateActaAsync_NotaInvalida_DeberiaRetornarError(nota: -1)" storage="c:\projects\kurse\tests\bin\debug\net10.0\tests.dll" id="af0c1ff6-431e-154e-b046-ffab9b3db2c0">
      <Execution id="51f9c305-0f25-4262-990a-f8600a0dad91" />
      <TestMethod codeBase="C:\Projects\Kurse\Tests\bin\Debug\net10.0\Tests.dll" adapterTypeName="executor://xunit/VsTestRunner3/netcore/" className="Tests.CursoAlumnosServiceTests.CursoAlumnosServiceTests" name="UpdateActaAsync_NotaInvalida_DeberiaRetornarError" />
    </UnitTest>
    <UnitTest name="Tests.CursosServiceTests.CursosServiceTests.DarBajaAsync_CursoYaCancelado_DeberiaRetornarError" storage="c:\projects\kurse\tests\bin\debug\net10.0\tests.dll" id="a87f0d9a-7927-5a08-af6b-a96cbe9eb1cd">
      <Execution id="10816a05-94fe-46f8-92b4-f16a33d565a5" />
      <TestMethod codeBase="C:\Projects\Kurse\Tests\bin\Debug\net10.0\Tests.dll" adapterTypeName="executor://xunit/VsTestRunner3/netcore/" className="Tests.CursosServiceTests.CursosServiceTests" name="DarBajaAsync_CursoYaCancelado_DeberiaRetornarError" />
    </UnitTest>
    <UnitTest name="Tests.CursosServiceTests.CursosServiceTests.GetDetailsByIdAsync_CursoExistente_DeberiaRetornarViewModel" storage="c:\projects\kurse\tests\bin\debug\net10.0\tests.dll" id="7134c3aa-7f96-0fa3-85a5-574e74fe5437">
      <Execution id="7ca0e89f-fc95-4bbf-8c73-17d3893c2f8b" />
      <TestMethod codeBase="C:\Projects\Kurse\Tests\bin\Debug\net10.0\Tests.dll" adapterTypeName="executor://xunit/VsTestRunner3/netcore/" className="Tests.CursosServiceTests.CursosServiceTests" name="GetDetailsByIdAsync_CursoExistente_DeberiaRetornarViewModel" />
    </UnitTest>
    <UnitTest name="Tests.CursoAlumnosServiceTests.CursoAlumnosServiceTests.UpdateActaAsync_AsistenciaInvalida_DeberiaRetornarError(asistencia: 11)" storage="c:\projects\kurse\tests\bin\debug\net10.0\tests.dll" id="d9236f9c-d5a9-aed5-a23e-bdbc37951531">
      <Execution id="1220f93c-c758-4bd6-900a-25ef3288a6c7" />
      <TestMethod codeBase="C:\Projects\Kurse\Tests\bin\Debug\net10.0\Tests.dll" adapterTypeName="executor://xunit/VsTestRunner3/netcore/" className="Tests.CursoAlumnosServiceTests.CursoAlumnosServiceTests" name="UpdateActaAsync_AsistenciaInvalida_DeberiaRetornarError" />
    </UnitTest>
    <UnitTest name="Tests.CursoAlumnosServiceTests.CursoAlumnosServiceTests.GetActaRowsAsync_DeberiaRetornarAlumnosMapeados" storage="c:\projects\kurse\tests\bin\debug\net10.0\tests.dll" id="1597dd4f-7749-2f22-488f-d1e8968c7b0b">
      <Execution id="52679c7e-1a91-4d6c-8eb1-bcc76683ae81" />
      <TestMethod codeBase="C:\Projects\Kurse\Tests\bin\Debug\net10.0\Tests.dll" adapterTypeName="executor://xunit/VsTestRunner3/netcore/" className="Tests.CursoAlumnosServiceTests.CursoAlumnosServiceTests" name="GetActaRowsAsync_DeberiaRetornarAlumnosMapeados" />
    </UnitTest>
    <UnitTest name="Tests.CursoAlumnosServiceTests.CursoAlumnosServiceTests.GetActaModalAsync_CursoInexistente_DeberiaRetornarNull" storage="c:\projects\kurse\tests\bin\debug\net10.0\tests.dll" id="19ce1214-e8f6-4ea3-d4ee-e3207ae5462a">
      <Execution id="cd0b725d-74b3-4a2a-b1e2-d363e5ec91ac" />
      <TestMethod codeBase="C:\Projects\Kurse\Tests\bin\Debug\net10.0\Tests.dll" adapterTypeName="executor://xunit/VsTestRunner3/netcore/" className="Tests.CursoAlumnosServiceTests.CursoAlumnosServiceTests" name="GetActaModalAsync_CursoInexistente_DeberiaRetornarNull" />
    </UnitTest>
    <UnitTest name="Tests.CursoAlumnosServiceTests.CursoAlumnosServiceTests.GetActaModalAsync_DeberiaRetornarActaCorrectamente" storage="c:\projects\kurse\tests\bin\debug\net10.0\tests.dll" id="3ed26338-121b-e0ec-fb62-f33b786f7ef2">
      <Execution id="6a27c367-840a-44ef-8b8d-cfa5959ab295" />
      <TestMethod codeBase="C:\Projects\Kurse\Tests\bin\Debug\net10.0\Tests.dll" adapterTypeName="executor://xunit/VsTestRunner3/netcore/" className="Tests.CursoAlumnosServiceTests.CursoAlumnosServiceTests" name="GetActaModalAsync_DeberiaRetornarActaCorrectamente" />
    </UnitTest>
    <UnitTest name="Tests.CursoAlumnosServiceTests.CursoAlumnosServiceTests.GetInscriptosRowsAsync_CursoInexistente_DeberiaRetornarListaVacia" storage="c:\projects\kurse\tests\bin\debug\net10.0\tests.dll" id="5f497c36-12ce-a865-d42a-ba9ad03db7da">
      <Execution id="f78ffcbf-4d74-4132-bc58-e169eed25e7f" />
      <TestMethod codeBase="C:\Projects\Kurse\Tests\bin\Debug\net10.0\Tests.dll" adapterTypeName="executor://xunit/VsTestRunner3/netcore/" className="Tests.CursoAlumnosServiceTests.CursoAlumnosServiceTests" name="GetInscriptosRowsAsync_CursoInexistente_DeberiaRetornarListaVacia" />
    </UnitTest>
    <UnitTest name="Tests.CursosServiceTests.CursosServiceTests.CursoPerteneceProfesorAsync_CuandoNoExisteRelacion_DeberiaRetornarFalse" storage="c:\projects\kurse\tests\bin\debug\net10.0\tests.dll" id="76812535-59dd-f2ec-c7b9-d207c507e8a2">
      <Execution id="f8047274-6d11-417a-a7a0-c15cb82beee3" />
      <TestMethod codeBase="C:\Projects\Kurse\Tests\bin\Debug\net10.0\Tests.dll" adapterTypeName="executor://xunit/VsTestRunner3/netcore/" className="Tests.CursosServiceTests.CursosServiceTests" name="CursoPerteneceProfesorAsync_CuandoNoExisteRelacion_DeberiaRetornarFalse" />
    </UnitTest>
    <UnitTest name="Tests.CursoAlumnosServiceTests.CursoAlumnosServiceTests.InscribirAlumnoAsync_CursoInexistente_DeberiaRetornarError" storage="c:\projects\kurse\tests\bin\debug\net10.0\tests.dll" id="17e8eaf5-0672-7df0-b551-c80f2e5f67a9">
      <Execution id="caaf13da-f7c2-473d-8c1f-05e0496333af" />
      <TestMethod codeBase="C:\Projects\Kurse\Tests\bin\Debug\net10.0\Tests.dll" adapterTypeName="executor://xunit/VsTestRunner3/netcore/" className="Tests.CursoAlumnosServiceTests.CursoAlumnosServiceTests" name="InscribirAlumnoAsync_CursoInexistente_DeberiaRetornarError" />
    </UnitTest>
    <UnitTest name="Tests.CursosServiceTests.CursosServiceTests.AutorizarAsync_CursoNoPendiente_DeberiaRetornarError" storage="c:\projects\kurse\tests\bin\debug\net10.0\tests.dll" id="306a8cbb-18fe-448a-e08f-5a2cfe3e5521">
      <Execution id="0c8270a9-43f0-49eb-9540-1d6025a815a0" />
      <TestMethod codeBase="C:\Projects\Kurse\Tests\bin\Debug\net10.0\Tests.dll" adapterTypeName="executor://xunit/VsTestRunner3/netcore/" className="Tests.CursosServiceTests.CursosServiceTests" name="AutorizarAsync_CursoNoPendiente_DeberiaRetornarError" />
    </UnitTest>
    <UnitTest name="Tests.CursoAlumnosServiceTests.CursoAlumnosServiceTests.GenerarCertificadoAsync_NoCumpleCondiciones_DeberiaRetornarNull(estadoAlumno: Inscripto, estadoCurso: Finalizado)" storage="c:\projects\kurse\tests\bin\debug\net10.0\tests.dll" id="9f694034-0c6e-bf7f-cc13-eba8ef91b6d8">
      <Execution id="8e621221-b3a3-444f-88d3-5c668a331231" />
      <TestMethod codeBase="C:\Projects\Kurse\Tests\bin\Debug\net10.0\Tests.dll" adapterTypeName="executor://xunit/VsTestRunner3/netcore/" className="Tests.CursoAlumnosServiceTests.CursoAlumnosServiceTests" name="GenerarCertificadoAsync_NoCumpleCondiciones_DeberiaRetornarNull" />
    </UnitTest>
    <UnitTest name="Tests.ReportesServiceTests.ReportesServiceTests.GetCursosAsync_DeberiaRetornarCursosMapeados" storage="c:\projects\kurse\tests\bin\debug\net10.0\tests.dll" id="8c2df97e-6020-077a-ceb3-2706de47ad9e">
      <Execution id="c445a029-7008-4a01-b999-bd7f9ddc7f1f" />
      <TestMethod codeBase="C:\Projects\Kurse\Tests\bin\Debug\net10.0\Tests.dll" adapterTypeName="executor://xunit/VsTestRunner3/netcore/" className="Tests.ReportesServiceTests.ReportesServiceTests" name="GetCursosAsync_DeberiaRetornarCursosMapeados" />
    </UnitTest>
    <UnitTest name="Tests.CursosServiceTests.CursosServiceTests.GetOfertaAcademicaAsync_SinCursos_DeberiaRetornarListaVacia" storage="c:\projects\kurse\tests\bin\debug\net10.0\tests.dll" id="c55a4f8b-20ec-7b08-7d8f-84b7eb9da202">
      <Execution id="5bd8209b-d4a9-4498-8829-847d90fbde5a" />
      <TestMethod codeBase="C:\Projects\Kurse\Tests\bin\Debug\net10.0\Tests.dll" adapterTypeName="executor://xunit/VsTestRunner3/netcore/" className="Tests.CursosServiceTests.CursosServiceTests" name="GetOfertaAcademicaAsync_SinCursos_DeberiaRetornarListaVacia" />
    </UnitTest>
    <UnitTest name="Tests.CursoAlumnosServiceTests.CursoAlumnosServiceTests.UpdateActaAsync_AlumnoDadoDeBaja_NoDeberiaModificarse" storage="c:\projects\kurse\tests\bin\debug\net10.0\tests.dll" id="a58f1fb7-b728-e0ea-7093-4213eb2150af">
      <Execution id="089bbfab-6a52-47a6-9bf1-b73a773a9b01" />
      <TestMethod codeBase="C:\Projects\Kurse\Tests\bin\Debug\net10.0\Tests.dll" adapterTypeName="executor://xunit/VsTestRunner3/netcore/" className="Tests.CursoAlumnosServiceTests.CursoAlumnosServiceTests" name="UpdateActaAsync_AlumnoDadoDeBaja_NoDeberiaModificarse" />
    </UnitTest>
    <UnitTest name="Tests.CursosServiceTests.CursosServiceTests.FinalizarAsync_DeberiaFinalizarCurso" storage="c:\projects\kurse\tests\bin\debug\net10.0\tests.dll" id="12390165-87a6-df2a-3d3a-b1eaad72dfc8">
      <Execution id="46f3333f-d9e4-4e0a-9683-fba5760cade4" />
      <TestMethod codeBase="C:\Projects\Kurse\Tests\bin\Debug\net10.0\Tests.dll" adapterTypeName="executor://xunit/VsTestRunner3/netcore/" className="Tests.CursosServiceTests.CursosServiceTests" name="FinalizarAsync_DeberiaFinalizarCurso" />
    </UnitTest>
    <UnitTest name="Tests.CursoAlumnosServiceTests.CursoAlumnosServiceTests.GetAlumnosDisponiblesAsync_ConInscriptos_DeberiaExcluirlos" storage="c:\projects\kurse\tests\bin\debug\net10.0\tests.dll" id="1ae68696-74a4-ef04-2a75-bddebf14d31b">
      <Execution id="9efb22b2-8c0d-4464-8bb5-3d1d0247583c" />
      <TestMethod codeBase="C:\Projects\Kurse\Tests\bin\Debug\net10.0\Tests.dll" adapterTypeName="executor://xunit/VsTestRunner3/netcore/" className="Tests.CursoAlumnosServiceTests.CursoAlumnosServiceTests" name="GetAlumnosDisponiblesAsync_ConInscriptos_DeberiaExcluirlos" />
    </UnitTest>
    <UnitTest name="Tests.ReportesServiceTests.ReportesServiceTests.GetNotasAsync_DeberiaRetornarNotasMapeadas" storage="c:\projects\kurse\tests\bin\debug\net10.0\tests.dll" id="cdebdf39-a063-2a23-ef4d-0efa5741165b">
      <Execution id="a9847b29-08ad-4380-92d4-51496e772e0a" />
      <TestMethod codeBase="C:\Projects\Kurse\Tests\bin\Debug\net10.0\Tests.dll" adapterTypeName="executor://xunit/VsTestRunner3/netcore/" className="Tests.ReportesServiceTests.ReportesServiceTests" name="GetNotasAsync_DeberiaRetornarNotasMapeadas" />
    </UnitTest>
    <UnitTest name="Tests.CursoAlumnosServiceTests.CursoAlumnosServiceTests.CambiarEstadoAlumnoAsync_CursoFinalizado_DeberiaRetornarError" storage="c:\projects\kurse\tests\bin\debug\net10.0\tests.dll" id="ec0ed0d8-cc23-6797-10a5-522ff64bfcad">
      <Execution id="6dbfd764-5187-490b-ad74-5a6c64fbc5db" />
      <TestMethod codeBase="C:\Projects\Kurse\Tests\bin\Debug\net10.0\Tests.dll" adapterTypeName="executor://xunit/VsTestRunner3/netcore/" className="Tests.CursoAlumnosServiceTests.CursoAlumnosServiceTests" name="CambiarEstadoAlumnoAsync_CursoFinalizado_DeberiaRetornarError" />
    </UnitTest>
    <UnitTest name="Tests.CursosServiceTests.CursosServiceTests.GetOfertaAcademicaAsync_DeberiaMapearCorrectamente" storage="c:\projects\kurse\tests\bin\debug\net10.0\tests.dll" id="c6a6ad63-ddf5-1566-c7fb-68b1d769c3e2">
      <Execution id="486119ce-92f4-47c3-a06c-9bd3cf273400" />
      <TestMethod codeBase="C:\Projects\Kurse\Tests\bin\Debug\net10.0\Tests.dll" adapterTypeName="executor://xunit/VsTestRunner3/netcore/" className="Tests.CursosServiceTests.CursosServiceTests" name="GetOfertaAcademicaAsync_DeberiaMapearCorrectamente" />
    </UnitTest>
    <UnitTest name="Tests.CursoAlumnosServiceTests.CursoAlumnosServiceTests.GetHistoriaAcademicaAsync_DeberiaCalcularIndicadoresCorrectamente" storage="c:\projects\kurse\tests\bin\debug\net10.0\tests.dll" id="1a0b4da2-bd05-1d05-1216-c46f05836413">
      <Execution id="b7d00936-3c2a-4aba-9ba2-946cb2a3460f" />
      <TestMethod codeBase="C:\Projects\Kurse\Tests\bin\Debug\net10.0\Tests.dll" adapterTypeName="executor://xunit/VsTestRunner3/netcore/" className="Tests.CursoAlumnosServiceTests.CursoAlumnosServiceTests" name="GetHistoriaAcademicaAsync_DeberiaCalcularIndicadoresCorrectamente" />
    </UnitTest>
    <UnitTest name="Tests.CursoAlumnosServiceTests.CursoAlumnosServiceTests.InscribirseAsync_CursoInexistente_DeberiaRetornarError" storage="c:\projects\kurse\tests\bin\debug\net10.0\tests.dll" id="f02a4979-adf5-bc2d-8107-e73c7bb656f2">
      <Execution id="0eb518d3-0677-43b5-9d7d-c95458145d05" />
      <TestMethod codeBase="C:\Projects\Kurse\Tests\bin\Debug\net10.0\Tests.dll" adapterTypeName="executor://xunit/VsTestRunner3/netcore/" className="Tests.CursoAlumnosServiceTests.CursoAlumnosServiceTests" name="InscribirseAsync_CursoInexistente_DeberiaRetornarError" />
    </UnitTest>
    <UnitTest name="Tests.CursosServiceTests.CursosServiceTests.GetAllAsync_SinCursos_DeberiaRetornarListaVacia" storage="c:\projects\kurse\tests\bin\debug\net10.0\tests.dll" id="03dce6c7-1cde-4c1c-7021-2e498679dd0a">
      <Execution id="e15c22f1-ac50-45c7-b795-4306b7749207" />
      <TestMethod codeBase="C:\Projects\Kurse\Tests\bin\Debug\net10.0\Tests.dll" adapterTypeName="executor://xunit/VsTestRunner3/netcore/" className="Tests.CursosServiceTests.CursosServiceTests" name="GetAllAsync_SinCursos_DeberiaRetornarListaVacia" />
    </UnitTest>
    <UnitTest name="Tests.CursosServiceTests.CursosServiceTests.FinalizarAsync_ConAlumnosPendientes_DeberiaRetornarError" storage="c:\projects\kurse\tests\bin\debug\net10.0\tests.dll" id="bd81582d-d2eb-8ad6-3543-5eb801f0943f">
      <Execution id="225b7671-5085-4eef-ad0f-721233187121" />
      <TestMethod codeBase="C:\Projects\Kurse\Tests\bin\Debug\net10.0\Tests.dll" adapterTypeName="executor://xunit/VsTestRunner3/netcore/" className="Tests.CursosServiceTests.CursosServiceTests" name="FinalizarAsync_ConAlumnosPendientes_DeberiaRetornarError" />
    </UnitTest>
    <UnitTest name="Tests.CursoAlumnosServiceTests.CursoAlumnosServiceTests.UpdateActaAsync_AsistenciaInvalida_DeberiaRetornarError(asistencia: -1)" storage="c:\projects\kurse\tests\bin\debug\net10.0\tests.dll" id="cf4d5128-4cb9-73b0-dee0-e2c403b1370d">
      <Execution id="9d92a3e9-202d-44cc-ac08-52d4715d996f" />
      <TestMethod codeBase="C:\Projects\Kurse\Tests\bin\Debug\net10.0\Tests.dll" adapterTypeName="executor://xunit/VsTestRunner3/netcore/" className="Tests.CursoAlumnosServiceTests.CursoAlumnosServiceTests" name="UpdateActaAsync_AsistenciaInvalida_DeberiaRetornarError" />
    </UnitTest>
    <UnitTest name="Tests.CursoAlumnosServiceTests.CursoAlumnosServiceTests.GetHistoriaAcademicaAsync_SinCursos_DeberiaRetornarValoresEnCero" storage="c:\projects\kurse\tests\bin\debug\net10.0\tests.dll" id="48a5bc25-a2e7-0eae-689b-88a9e7691541">
      <Execution id="5496b067-2cf6-4821-a8df-7d39618624ba" />
      <TestMethod codeBase="C:\Projects\Kurse\Tests\bin\Debug\net10.0\Tests.dll" adapterTypeName="executor://xunit/VsTestRunner3/netcore/" className="Tests.CursoAlumnosServiceTests.CursoAlumnosServiceTests" name="GetHistoriaAcademicaAsync_SinCursos_DeberiaRetornarValoresEnCero" />
    </UnitTest>
    <UnitTest name="Tests.ReportesServiceTests.ReportesServiceTests.GetCursosAsync_SinResultados_DeberiaRetornarListaVacia" storage="c:\projects\kurse\tests\bin\debug\net10.0\tests.dll" id="50d110e2-241e-75b4-ca40-47e611645066">
      <Execution id="ba4d1622-fc14-4cd5-93c5-626c1ee8080a" />
      <TestMethod codeBase="C:\Projects\Kurse\Tests\bin\Debug\net10.0\Tests.dll" adapterTypeName="executor://xunit/VsTestRunner3/netcore/" className="Tests.ReportesServiceTests.ReportesServiceTests" name="GetCursosAsync_SinResultados_DeberiaRetornarListaVacia" />
    </UnitTest>
    <UnitTest name="Tests.CursosServiceTests.CursosServiceTests.CreateAsync_SiEsProfesor_DeberiaCrearCursoPendiente" storage="c:\projects\kurse\tests\bin\debug\net10.0\tests.dll" id="77c236c3-c1d9-24a2-4768-2432139122f4">
      <Execution id="8c256ec0-0484-4ddb-b0ee-69a8411d4a74" />
      <TestMethod codeBase="C:\Projects\Kurse\Tests\bin\Debug\net10.0\Tests.dll" adapterTypeName="executor://xunit/VsTestRunner3/netcore/" className="Tests.CursosServiceTests.CursosServiceTests" name="CreateAsync_SiEsProfesor_DeberiaCrearCursoPendiente" />
    </UnitTest>
    <UnitTest name="Tests.CursoAlumnosServiceTests.CursoAlumnosServiceTests.GenerarCertificadoAsync_DeberiaGenerarPdf" storage="c:\projects\kurse\tests\bin\debug\net10.0\tests.dll" id="8d4dbc93-ee2a-4f59-76d2-5b97b5fb0fcd">
      <Execution id="7af6e49b-30ff-449d-be69-d17df9971256" />
      <TestMethod codeBase="C:\Projects\Kurse\Tests\bin\Debug\net10.0\Tests.dll" adapterTypeName="executor://xunit/VsTestRunner3/netcore/" className="Tests.CursoAlumnosServiceTests.CursoAlumnosServiceTests" name="GenerarCertificadoAsync_DeberiaGenerarPdf" />
    </UnitTest>
    <UnitTest name="Tests.CursoAlumnosServiceTests.CursoAlumnosServiceTests.CambiarEstadoAlumnoAsync_AlumnoInexistente_DeberiaRetornarError" storage="c:\projects\kurse\tests\bin\debug\net10.0\tests.dll" id="44135f29-6621-1b48-6424-0218ee20dfb0">
      <Execution id="96fa3e23-6f2f-4030-b21e-d2f40fc6ef47" />
      <TestMethod codeBase="C:\Projects\Kurse\Tests\bin\Debug\net10.0\Tests.dll" adapterTypeName="executor://xunit/VsTestRunner3/netcore/" className="Tests.CursoAlumnosServiceTests.CursoAlumnosServiceTests" name="CambiarEstadoAlumnoAsync_AlumnoInexistente_DeberiaRetornarError" />
    </UnitTest>
    <UnitTest name="Tests.CursosServiceTests.CursosServiceTests.CreateAsync_DeberiaGuardarDiasDeDictado" storage="c:\projects\kurse\tests\bin\debug\net10.0\tests.dll" id="017574f3-6000-9a30-7e27-7ad340006911">
      <Execution id="86a04655-9050-4afd-83e7-e8bbdb369d92" />
      <TestMethod codeBase="C:\Projects\Kurse\Tests\bin\Debug\net10.0\Tests.dll" adapterTypeName="executor://xunit/VsTestRunner3/netcore/" className="Tests.CursosServiceTests.CursosServiceTests" name="CreateAsync_DeberiaGuardarDiasDeDictado" />
    </UnitTest>
    <UnitTest name="Tests.CursoAlumnosServiceTests.CursoAlumnosServiceTests.UpdateActaAsync_CursoInexistente_DeberiaRetornarError" storage="c:\projects\kurse\tests\bin\debug\net10.0\tests.dll" id="5b27b537-47b5-06e8-e39c-d43263c5e3aa">
      <Execution id="df6343d2-a7f9-407d-a3ec-690820e4c4f4" />
      <TestMethod codeBase="C:\Projects\Kurse\Tests\bin\Debug\net10.0\Tests.dll" adapterTypeName="executor://xunit/VsTestRunner3/netcore/" className="Tests.CursoAlumnosServiceTests.CursoAlumnosServiceTests" name="UpdateActaAsync_CursoInexistente_DeberiaRetornarError" />
    </UnitTest>
    <UnitTest name="Tests.CursoAlumnosServiceTests.CursoAlumnosServiceTests.GetAlumnosDisponiblesAsync_CursoInexistente_DeberiaRetornarListaVacia" storage="c:\projects\kurse\tests\bin\debug\net10.0\tests.dll" id="4141f70a-bb5e-dc7f-a5f3-855423c1e82a">
      <Execution id="6df6beb9-e683-44af-9337-ab6b44c7ecec" />
      <TestMethod codeBase="C:\Projects\Kurse\Tests\bin\Debug\net10.0\Tests.dll" adapterTypeName="executor://xunit/VsTestRunner3/netcore/" className="Tests.CursoAlumnosServiceTests.CursoAlumnosServiceTests" name="GetAlumnosDisponiblesAsync_CursoInexistente_DeberiaRetornarListaVacia" />
    </UnitTest>
    <UnitTest name="Tests.CursosServiceTests.CursosServiceTests.FinalizarAsync_CursoYaFinalizado_DeberiaRetornarError" storage="c:\projects\kurse\tests\bin\debug\net10.0\tests.dll" id="c70286c4-e0e5-7213-321d-d8ed5b3a8eff">
      <Execution id="d71f7c57-79fd-4297-99c1-689def07e501" />
      <TestMethod codeBase="C:\Projects\Kurse\Tests\bin\Debug\net10.0\Tests.dll" adapterTypeName="executor://xunit/VsTestRunner3/netcore/" className="Tests.CursosServiceTests.CursosServiceTests" name="FinalizarAsync_CursoYaFinalizado_DeberiaRetornarError" />
    </UnitTest>
    <UnitTest name="Tests.CursosServiceTests.CursosServiceTests.UpdateAsync_CursoExistente_DeberiaActualizarCurso" storage="c:\projects\kurse\tests\bin\debug\net10.0\tests.dll" id="b184e817-3635-7a0b-a6dd-415e15ad4879">
      <Execution id="a619bd5d-5dd1-4722-a2fe-94b6fdc81094" />
      <TestMethod codeBase="C:\Projects\Kurse\Tests\bin\Debug\net10.0\Tests.dll" adapterTypeName="executor://xunit/VsTestRunner3/netcore/" className="Tests.CursosServiceTests.CursosServiceTests" name="UpdateAsync_CursoExistente_DeberiaActualizarCurso" />
    </UnitTest>
    <UnitTest name="Tests.ReportesServiceTests.ReportesServiceTests.GetInscriptosAsync_DeberiaRetornarInscriptosMapeados" storage="c:\projects\kurse\tests\bin\debug\net10.0\tests.dll" id="f2eb4b69-8305-46aa-2abe-de35641c1e83">
      <Execution id="ddba1f49-5068-4fe1-ac2f-912a37e87868" />
      <TestMethod codeBase="C:\Projects\Kurse\Tests\bin\Debug\net10.0\Tests.dll" adapterTypeName="executor://xunit/VsTestRunner3/netcore/" className="Tests.ReportesServiceTests.ReportesServiceTests" name="GetInscriptosAsync_DeberiaRetornarInscriptosMapeados" />
    </UnitTest>
    <UnitTest name="Tests.CursoAlumnosServiceTests.CursoAlumnosServiceTests.CambiarEstadoAlumnoAsync_DeberiaActualizarEstado" storage="c:\projects\kurse\tests\bin\debug\net10.0\tests.dll" id="3895ab1c-644b-acb2-24a9-fa8cddbb38e7">
      <Execution id="37c6c28f-56d5-401e-9d12-39727648641b" />
      <TestMethod codeBase="C:\Projects\Kurse\Tests\bin\Debug\net10.0\Tests.dll" adapterTypeName="executor://xunit/VsTestRunner3/netcore/" className="Tests.CursoAlumnosServiceTests.CursoAlumnosServiceTests" name="CambiarEstadoAlumnoAsync_DeberiaActualizarEstado" />
    </UnitTest>
    <UnitTest name="Tests.CursosServiceTests.CursosServiceTests.RechazarAsync_CursoNoPendiente_DeberiaRetornarError" storage="c:\projects\kurse\tests\bin\debug\net10.0\tests.dll" id="3e839e23-4705-a6b2-0866-926a651b7f01">
      <Execution id="11749ce7-317a-441f-912e-5576804f0532" />
      <TestMethod codeBase="C:\Projects\Kurse\Tests\bin\Debug\net10.0\Tests.dll" adapterTypeName="executor://xunit/VsTestRunner3/netcore/" className="Tests.CursosServiceTests.CursosServiceTests" name="RechazarAsync_CursoNoPendiente_DeberiaRetornarError" />
    </UnitTest>
    <UnitTest name="Tests.CursoAlumnosServiceTests.CursoAlumnosServiceTests.UpdateActaAsync_CursoFinalizado_DeberiaRetornarError" storage="c:\projects\kurse\tests\bin\debug\net10.0\tests.dll" id="478e3253-46bd-6916-d61e-bac7d0c04a30">
      <Execution id="ab7ca3e7-d972-4415-ac14-a9cde4e80394" />
      <TestMethod codeBase="C:\Projects\Kurse\Tests\bin\Debug\net10.0\Tests.dll" adapterTypeName="executor://xunit/VsTestRunner3/netcore/" className="Tests.CursoAlumnosServiceTests.CursoAlumnosServiceTests" name="UpdateActaAsync_CursoFinalizado_DeberiaRetornarError" />
    </UnitTest>
    <UnitTest name="Tests.CursosServiceTests.CursosServiceTests.FinalizarAsync_CursoNoAutorizado_DeberiaRetornarError" storage="c:\projects\kurse\tests\bin\debug\net10.0\tests.dll" id="20e2c720-9af2-aa39-c947-7ff3c6f0e20c">
      <Execution id="0cd3dee1-e267-4b4c-8a40-7930f2ee86ab" />
      <TestMethod codeBase="C:\Projects\Kurse\Tests\bin\Debug\net10.0\Tests.dll" adapterTypeName="executor://xunit/VsTestRunner3/netcore/" className="Tests.CursosServiceTests.CursosServiceTests" name="FinalizarAsync_CursoNoAutorizado_DeberiaRetornarError" />
    </UnitTest>
    <UnitTest name="Tests.CursoAlumnosServiceTests.CursoAlumnosServiceTests.InscribirAlumnoAsync_CursoFinalizado_DeberiaRetornarError" storage="c:\projects\kurse\tests\bin\debug\net10.0\tests.dll" id="692cd5b8-39d5-5883-a324-83919c071439">
      <Execution id="d3ca30be-5c20-473d-81c4-28c5d4d65ad0" />
      <TestMethod codeBase="C:\Projects\Kurse\Tests\bin\Debug\net10.0\Tests.dll" adapterTypeName="executor://xunit/VsTestRunner3/netcore/" className="Tests.CursoAlumnosServiceTests.CursoAlumnosServiceTests" name="InscribirAlumnoAsync_CursoFinalizado_DeberiaRetornarError" />
    </UnitTest>
    <UnitTest name="Tests.CursoAlumnosServiceTests.CursoAlumnosServiceTests.GenerarCertificadoAsync_NoCumpleCondiciones_DeberiaRetornarNull(estadoAlumno: Aprobado, estadoCurso: Autorizado)" storage="c:\projects\kurse\tests\bin\debug\net10.0\tests.dll" id="229d09c5-f98d-3174-0b9f-4684ef7af4e2">
      <Execution id="151e7ccb-cb5e-40f2-9122-afe5a7ce0f4a" />
      <TestMethod codeBase="C:\Projects\Kurse\Tests\bin\Debug\net10.0\Tests.dll" adapterTypeName="executor://xunit/VsTestRunner3/netcore/" className="Tests.CursoAlumnosServiceTests.CursoAlumnosServiceTests" name="GenerarCertificadoAsync_NoCumpleCondiciones_DeberiaRetornarNull" />
    </UnitTest>
    <UnitTest name="Tests.CursoAlumnosServiceTests.CursoAlumnosServiceTests.GetInscriptosModalAsync_CursoFinalizado_DeberiaIndicarlo" storage="c:\projects\kurse\tests\bin\debug\net10.0\tests.dll" id="08777e81-a50f-1fc4-53d0-9a63ca40d0ee">
      <Execution id="fe513462-9f70-4b36-b29b-857ae3b3bbed" />
      <TestMethod codeBase="C:\Projects\Kurse\Tests\bin\Debug\net10.0\Tests.dll" adapterTypeName="executor://xunit/VsTestRunner3/netcore/" className="Tests.CursoAlumnosServiceTests.CursoAlumnosServiceTests" name="GetInscriptosModalAsync_CursoFinalizado_DeberiaIndicarlo" />
    </UnitTest>
    <UnitTest name="Tests.CursosServiceTests.CursosServiceTests.DarBajaAsync_CursoConAlumnosActivos_DeberiaRetornarError" storage="c:\projects\kurse\tests\bin\debug\net10.0\tests.dll" id="03349980-c1ba-bc3d-291f-8497b6c72f21">
      <Execution id="ed7d2e25-900b-4f2b-9ffe-0897b3a341d6" />
      <TestMethod codeBase="C:\Projects\Kurse\Tests\bin\Debug\net10.0\Tests.dll" adapterTypeName="executor://xunit/VsTestRunner3/netcore/" className="Tests.CursosServiceTests.CursosServiceTests" name="DarBajaAsync_CursoConAlumnosActivos_DeberiaRetornarError" />
    </UnitTest>
    <UnitTest name="Tests.CursoAlumnosServiceTests.CursoAlumnosServiceTests.GenerarCertificadoAsync_InscripcionInexistente_DeberiaRetornarNull" storage="c:\projects\kurse\tests\bin\debug\net10.0\tests.dll" id="43339122-3af2-8478-cb3e-15dd813a2ab0">
      <Execution id="d0cb0062-3176-45b9-9aed-6cc9cc4e911a" />
      <TestMethod codeBase="C:\Projects\Kurse\Tests\bin\Debug\net10.0\Tests.dll" adapterTypeName="executor://xunit/VsTestRunner3/netcore/" className="Tests.CursoAlumnosServiceTests.CursoAlumnosServiceTests" name="GenerarCertificadoAsync_InscripcionInexistente_DeberiaRetornarNull" />
    </UnitTest>
    <UnitTest name="Tests.CursosServiceTests.CursosServiceTests.CreateAsync_SiNoEsProfesor_DeberiaCrearCursoAutorizado" storage="c:\projects\kurse\tests\bin\debug\net10.0\tests.dll" id="d5afc16d-da3f-9ddd-7c2d-33da8c05b332">
      <Execution id="0a99fdb6-6de2-4a4a-8a18-45834169f8e1" />
      <TestMethod codeBase="C:\Projects\Kurse\Tests\bin\Debug\net10.0\Tests.dll" adapterTypeName="executor://xunit/VsTestRunner3/netcore/" className="Tests.CursosServiceTests.CursosServiceTests" name="CreateAsync_SiNoEsProfesor_DeberiaCrearCursoAutorizado" />
    </UnitTest>
    <UnitTest name="Tests.CursosServiceTests.CursosServiceTests.RechazarAsync_MotivoVacio_DeberiaRetornarError" storage="c:\projects\kurse\tests\bin\debug\net10.0\tests.dll" id="05d83f37-b4f1-fd74-bffc-fba2fcdcdb0c">
      <Execution id="e127d0c1-6831-437a-ab95-92fc0b1d6597" />
      <TestMethod codeBase="C:\Projects\Kurse\Tests\bin\Debug\net10.0\Tests.dll" adapterTypeName="executor://xunit/VsTestRunner3/netcore/" className="Tests.CursosServiceTests.CursosServiceTests" name="RechazarAsync_MotivoVacio_DeberiaRetornarError" />
    </UnitTest>
    <UnitTest name="Tests.CursosServiceTests.CursosServiceTests.UpdateAsync_CursoInexistente_DeberiaRetornarFalse" storage="c:\projects\kurse\tests\bin\debug\net10.0\tests.dll" id="d6414711-0d62-dd91-2b28-314f8e578fc1">
      <Execution id="6cfcdfab-4133-4b05-9466-930a24b6be20" />
      <TestMethod codeBase="C:\Projects\Kurse\Tests\bin\Debug\net10.0\Tests.dll" adapterTypeName="executor://xunit/VsTestRunner3/netcore/" className="Tests.CursosServiceTests.CursosServiceTests" name="UpdateAsync_CursoInexistente_DeberiaRetornarFalse" />
    </UnitTest>
[...]
      <Execution id="4c038cbd-0c4a-455f-a3c1-c8f590ce9531" />
      <TestMethod codeBase="C:\Projects\Kurse\Tests\bin\Debug\net10.0\Tests.dll" adapterTypeName="executor://xunit/VsTestRunner3/netcore/" className="Tests.CursoAlumnosServiceTests.CursoAlumnosServiceTests" name="GetHistoriaAcademicaAsync_DeberiaIgnorarCursosSinNotaEnPromedio" />
    </UnitTest>
    <UnitTest name="Tests.CursosServiceTests.CursosServiceTests.AutoMapper_DeberiaTenerConfiguracionValida" storage="c:\projects\kurse\tests\bin\debug\net10.0\tests.dll" id="43610ddf-0bea-5474-149a-05051b87bf9d">
      <Execution id="87a529bc-604d-463d-a9e3-4cd079490436" />
      <TestMethod codeBase="C:\Projects\Kurse\Tests\bin\Debug\net10.0\Tests.dll" adapterTypeName="executor://xunit/VsTestRunner3/netcore/" className="Tests.CursosServiceTests.CursosServiceTests" name="AutoMapper_DeberiaTenerConfiguracionValida" />
    </UnitTest>
    <UnitTest name="Tests.CursoAlumnosServiceTests.CursoAlumnosServiceTests.InscribirseAsync_AlumnoYaInscripto_DeberiaRetornarError" storage="c:\projects\kurse\tests\bin\debug\net10.0\tests.dll" id="4b6bcd18-c302-beaa-a9a7-4ae5a57159ee">
      <Execution id="b6c251c9-445a-4aa0-96e0-a48e5725ad63" />
      <TestMethod codeBase="C:\Projects\Kurse\Tests\bin\Debug\net10.0\Tests.dll" adapterTypeName="executor://xunit/VsTestRunner3/netcore/" className="Tests.CursoAlumnosServiceTests.CursoAlumnosServiceTests" name="InscribirseAsync_AlumnoYaInscripto_DeberiaRetornarError" />
    </UnitTest>
    <UnitTest name="Tests.CursosServiceTests.CursosServiceTests.RechazarAsync_DeberiaRechazarCurso" storage="c:\projects\kurse\tests\bin\debug\net10.0\tests.dll" id="10b7f33a-268e-f86d-9e65-c5a9de0ec6c5">
      <Execution id="2c29973b-b5e3-4507-81da-ba84e48a7648" />
      <TestMethod codeBase="C:\Projects\Kurse\Tests\bin\Debug\net10.0\Tests.dll" adapterTypeName="executor://xunit/VsTestRunner3/netcore/" className="Tests.CursosServiceTests.CursosServiceTests" name="RechazarAsync_DeberiaRechazarCurso" />
    </UnitTest>
    <UnitTest name="Tests.CursoAlumnosServiceTests.CursoAlumnosServiceTests.InscribirAlumnoAsync_SinCupos_DeberiaRetornarError" storage="c:\projects\kurse\tests\bin\debug\net10.0\tests.dll" id="98600b01-c6a1-72e5-df73-cdace8eda862">
      <Execution id="00a2bb75-d34d-42aa-ab97-eadd82e9e31e" />
      <TestMethod codeBase="C:\Projects\Kurse\Tests\bin\Debug\net10.0\Tests.dll" adapterTypeName="executor://xunit/VsTestRunner3/netcore/" className="Tests.CursoAlumnosServiceTests.CursoAlumnosServiceTests" name="InscribirAlumnoAsync_SinCupos_DeberiaRetornarError" />
    </UnitTest>
    <UnitTest name="Tests.CursosServiceTests.CursosServiceTests.UpdateAsync_DeberiaActualizarDiasDictado" storage="c:\projects\kurse\tests\bin\debug\net10.0\tests.dll" id="540f0feb-b506-4294-26a9-cae922553ea6">
      <Execution id="d8b6502d-9ebf-4a7e-bc6d-ad3b84848ad9" />
      <TestMethod codeBase="C:\Projects\Kurse\Tests\bin\Debug\net10.0\Tests.dll" adapterTypeName="executor://xunit/VsTestRunner3/netcore/" className="Tests.CursosServiceTests.CursosServiceTests" name="UpdateAsync_DeberiaActualizarDiasDictado" />
    </UnitTest>
    <UnitTest name="Tests.ReportesServiceTests.ReportesServiceTests.GetNotasAsync_SinDatos_DeberiaRetornarListaVacia" storage="c:\projects\kurse\tests\bin\debug\net10.0\tests.dll" id="ccaf5847-76c8-beb3-504c-b39b9a381f79">
      <Execution id="50881567-73dd-4daf-95d5-744c65611e35" />
      <TestMethod codeBase="C:\Projects\Kurse\Tests\bin\Debug\net10.0\Tests.dll" adapterTypeName="executor://xunit/VsTestRunner3/netcore/" className="Tests.ReportesServiceTests.ReportesServiceTests" name="GetNotasAsync_SinDatos_DeberiaRetornarListaVacia" />
    </UnitTest>
    <UnitTest name="Tests.CursoAlumnosServiceTests.CursoAlumnosServiceTests.UpdateActaAsync_NotaInvalida_DeberiaRetornarError(nota: 11)" storage="c:\projects\kurse\tests\bin\debug\net10.0\tests.dll" id="53cdbaf3-0bc9-f6cc-2ad2-e0d524412baa">
      <Execution id="1c6d1a67-d77f-438c-a374-5350636ce8a1" />
      <TestMethod codeBase="C:\Projects\Kurse\Tests\bin\Debug\net10.0\Tests.dll" adapterTypeName="executor://xunit/VsTestRunner3/netcore/" className="Tests.CursoAlumnosServiceTests.CursoAlumnosServiceTests" name="UpdateActaAsync_NotaInvalida_DeberiaRetornarError" />
    </UnitTest>
    <UnitTest name="Tests.CursoAlumnosServiceTests.CursoAlumnosServiceTests.GetActaModalAsync_CursoFinalizado_DeberiaIndicarlo" storage="c:\projects\kurse\tests\bin\debug\net10.0\tests.dll" id="b00f6447-add8-8c44-40c2-a647efd0db47">
      <Execution id="bb68ea45-51a4-43a8-a36f-57cad5d15a73" />
      <TestMethod codeBase="C:\Projects\Kurse\Tests\bin\Debug\net10.0\Tests.dll" adapterTypeName="executor://xunit/VsTestRunner3/netcore/" className="Tests.CursoAlumnosServiceTests.CursoAlumnosServiceTests" name="GetActaModalAsync_CursoFinalizado_DeberiaIndicarlo" />
    </UnitTest>
  </TestDefinitions>
  <TestEntries>
    <TestEntry testId="d019fc42-a3ce-0118-619e-a26eb893bcf8" executionId="4b87b366-032f-4745-9dd6-a19869b789ef" testListId="8c84fa94-04c1-424b-9868-57a2d4851a1d" />
    <TestEntry testId="b184e817-3635-7a0b-a6dd-415e15ad4879" executionId="a619bd5d-5dd1-4722-a2fe-94b6fdc81094" testListId="8c84fa94-04c1-424b-9868-57a2d4851a1d" />
    <TestEntry testId="77c236c3-c1d9-24a2-4768-2432139122f4" executionId="8c256ec0-0484-4ddb-b0ee-69a8411d4a74" testListId="8c84fa94-04c1-424b-9868-57a2d4851a1d" />
    <TestEntry testId="4b6bcd18-c302-beaa-a9a7-4ae5a57159ee" executionId="b6c251c9-445a-4aa0-96e0-a48e5725ad63" testListId="8c84fa94-04c1-424b-9868-57a2d4851a1d" />
    <TestEntry testId="1597dd4f-7749-2f22-488f-d1e8968c7b0b" executionId="52679c7e-1a91-4d6c-8eb1-bcc76683ae81" testListId="8c84fa94-04c1-424b-9868-57a2d4851a1d" />
    <TestEntry testId="017574f3-6000-9a30-7e27-7ad340006911" executionId="86a04655-9050-4afd-83e7-e8bbdb369d92" testListId="8c84fa94-04c1-424b-9868-57a2d4851a1d" />
    <TestEntry testId="ec47536e-49f6-cdf6-133c-bc9e7bf37952" executionId="f3b04994-184f-450d-b2e0-090923c1d104" testListId="8c84fa94-04c1-424b-9868-57a2d4851a1d" />
    <TestEntry testId="48a5bc25-a2e7-0eae-689b-88a9e7691541" executionId="5496b067-2cf6-4821-a8df-7d39618624ba" testListId="8c84fa94-04c1-424b-9868-57a2d4851a1d" />
    <TestEntry testId="19ce1214-e8f6-4ea3-d4ee-e3207ae5462a" executionId="cd0b725d-74b3-4a2a-b1e2-d363e5ec91ac" testListId="8c84fa94-04c1-424b-9868-57a2d4851a1d" />
    <TestEntry testId="98600b01-c6a1-72e5-df73-cdace8eda862" executionId="00a2bb75-d34d-42aa-ab97-eadd82e9e31e" testListId="8c84fa94-04c1-424b-9868-57a2d4851a1d" />
    <TestEntry testId="f554b1b3-ef1e-ae16-c9a7-a91163b96dfa" executionId="d8fa3b0a-828a-4566-a0a4-1477b06eb1d2" testListId="8c84fa94-04c1-424b-9868-57a2d4851a1d" />
    <TestEntry testId="6ae8dda9-8414-c4fd-1828-08278a0d5f20" executionId="2dede74c-8321-4eae-823a-04f3c88deaab" testListId="8c84fa94-04c1-424b-9868-57a2d4851a1d" />
    <TestEntry testId="c6a6ad63-ddf5-1566-c7fb-68b1d769c3e2" executionId="486119ce-92f4-47c3-a06c-9bd3cf273400" testListId="8c84fa94-04c1-424b-9868-57a2d4851a1d" />
    <TestEntry testId="3e839e23-4705-a6b2-0866-926a651b7f01" executionId="11749ce7-317a-441f-912e-5576804f0532" testListId="8c84fa94-04c1-424b-9868-57a2d4851a1d" />
    <TestEntry testId="0f29d0a6-55d7-363c-9cf5-46f56b89eeab" executionId="6542e078-0c58-4e68-a923-baedbf66ba03" testListId="8c84fa94-04c1-424b-9868-57a2d4851a1d" />
    <TestEntry testId="ac1ee1c3-8543-36ac-5842-ae66ae561719" executionId="fd45cc02-2e25-46a1-96d3-601e261f70e3" testListId="8c84fa94-04c1-424b-9868-57a2d4851a1d" />
    <TestEntry testId="af0c1ff6-431e-154e-b046-ffab9b3db2c0" executionId="51f9c305-0f25-4262-990a-f8600a0dad91" testListId="8c84fa94-04c1-424b-9868-57a2d4851a1d" />
    <TestEntry testId="f2eb4b69-8305-46aa-2abe-de35641c1e83" executionId="ddba1f49-5068-4fe1-ac2f-912a37e87868" testListId="8c84fa94-04c1-424b-9868-57a2d4851a1d" />
    <TestEntry testId="e65a9963-335f-8b12-9b92-bee48e1e9a19" executionId="e2e24fe3-8c73-4766-b624-997124ce39a1" testListId="8c84fa94-04c1-424b-9868-57a2d4851a1d" />
    <TestEntry testId="c40cb752-76f5-21be-d66c-493db3073278" executionId="a137b2fb-e9fe-43f2-aa99-b8691155b1d6" testListId="8c84fa94-04c1-424b-9868-57a2d4851a1d" />
    <TestEntry testId="fd5c2a8d-8a55-388f-f945-130871525722" executionId="3e3b9023-a3db-4ca1-8629-bec78c0f1db1" testListId="8c84fa94-04c1-424b-9868-57a2d4851a1d" />
    <TestEntry testId="76812535-59dd-f2ec-c7b9-d207c507e8a2" executionId="f8047274-6d11-417a-a7a0-c15cb82beee3" testListId="8c84fa94-04c1-424b-9868-57a2d4851a1d" />
    <TestEntry testId="7ed0b5dc-6eb5-61f5-e60d-f3d06609e9b9" executionId="b1496276-418e-493f-b160-d53965da5d8e" testListId="8c84fa94-04c1-424b-9868-57a2d4851a1d" />
    <TestEntry testId="a9e12164-4a4e-23db-f75e-903a6cc5b2e8" executionId="da7a9822-1ba8-46b1-ac98-66af758da905" testListId="8c84fa94-04c1-424b-9868-57a2d4851a1d" />
    <TestEntry testId="f02a4979-adf5-bc2d-8107-e73c7bb656f2" executionId="0eb518d3-0677-43b5-9d7d-c95458145d05" testListId="8c84fa94-04c1-424b-9868-57a2d4851a1d" />
    <TestEntry testId="f8f40462-0593-5b53-54f5-349daab0e987" executionId="9b84699c-ae79-4521-90b2-458ba8c0ecf2" testListId="8c84fa94-04c1-424b-9868-57a2d4851a1d" />
    <TestEntry testId="44135f29-6621-1b48-6424-0218ee20dfb0" executionId="96fa3e23-6f2f-4030-b21e-d2f40fc6ef47" testListId="8c84fa94-04c1-424b-9868-57a2d4851a1d" />
    <TestEntry testId="b00f6447-add8-8c44-40c2-a647efd0db47" executionId="bb68ea45-51a4-43a8-a36f-57cad5d15a73" testListId="8c84fa94-04c1-424b-9868-57a2d4851a1d" />
    <TestEntry testId="5f497c36-12ce-a865-d42a-ba9ad03db7da" executionId="f78ffcbf-4d74-4132-bc58-e169eed25e7f" testListId="8c84fa94-04c1-424b-9868-57a2d4851a1d" />
    <TestEntry testId="ec0ed0d8-cc23-6797-10a5-522ff64bfcad" executionId="6dbfd764-5187-490b-ad74-5a6c64fbc5db" testListId="8c84fa94-04c1-424b-9868-57a2d4851a1d" />
    <TestEntry testId="c55a4f8b-20ec-7b08-7d8f-84b7eb9da202" executionId="5bd8209b-d4a9-4498-8829-847d90fbde5a" testListId="8c84fa94-04c1-424b-9868-57a2d4851a1d" />
    <TestEntry testId="478e3253-46bd-6916-d61e-bac7d0c04a30" executionId="ab7ca3e7-d972-4415-ac14-a9cde4e80394" testListId="8c84fa94-04c1-424b-9868-57a2d4851a1d" />
    <TestEntry testId="4141f70a-bb5e-dc7f-a5f3-855423c1e82a" executionId="6df6beb9-e683-44af-9337-ab6b44c7ecec" testListId="8c84fa94-04c1-424b-9868-57a2d4851a1d" />
    <TestEntry testId="a58f1fb7-b728-e0ea-7093-4213eb2150af" executionId="089bbfab-6a52-47a6-9bf1-b73a773a9b01" testListId="8c84fa94-04c1-424b-9868-57a2d4851a1d" />
    <TestEntry testId="53cdbaf3-0bc9-f6cc-2ad2-e0d524412baa" executionId="1c6d1a67-d77f-438c-a374-5350636ce8a1" testListId="8c84fa94-04c1-424b-9868-57a2d4851a1d" />
    <TestEntry testId="17e8eaf5-0672-7df0-b551-c80f2e5f67a9" executionId="caaf13da-f7c2-473d-8c1f-05e0496333af" testListId="8c84fa94-04c1-424b-9868-57a2d4851a1d" />
    <TestEntry testId="43610ddf-0bea-5474-149a-05051b87bf9d" executionId="87a529bc-604d-463d-a9e3-4cd079490436" testListId="8c84fa94-04c1-424b-9868-57a2d4851a1d" />
    <TestEntry testId="540f0feb-b506-4294-26a9-cae922553ea6" executionId="d8b6502d-9ebf-4a7e-bc6d-ad3b84848ad9" testListId="8c84fa94-04c1-424b-9868-57a2d4851a1d" />
    <TestEntry testId="05d83f37-b4f1-fd74-bffc-fba2fcdcdb0c" executionId="e127d0c1-6831-437a-ab95-92fc0b1d6597" testListId="8c84fa94-04c1-424b-9868-57a2d4851a1d" />
    <TestEntry testId="229d09c5-f98d-3174-0b9f-4684ef7af4e2" executionId="151e7ccb-cb5e-40f2-9122-afe5a7ce0f4a" testListId="8c84fa94-04c1-424b-9868-57a2d4851a1d" />
    <TestEntry testId="cf4d5128-4cb9-73b0-dee0-e2c403b1370d" executionId="9d92a3e9-202d-44cc-ac08-52d4715d996f" testListId="8c84fa94-04c1-424b-9868-57a2d4851a1d" />
    <TestEntry testId="d9236f9c-d5a9-aed5-a23e-bdbc37951531" executionId="1220f93c-c758-4bd6-900a-25ef3288a6c7" testListId="8c84fa94-04c1-424b-9868-57a2d4851a1d" />
    <TestEntry testId="9f694034-0c6e-bf7f-cc13-eba8ef91b6d8" executionId="8e621221-b3a3-444f-88d3-5c668a331231" testListId="8c84fa94-04c1-424b-9868-57a2d4851a1d" />
    <TestEntry testId="a75e5383-b4cf-7595-7cad-9770ca604c33" executionId="bc01eb09-5753-4f73-a6b8-69aa72857c63" testListId="8c84fa94-04c1-424b-9868-57a2d4851a1d" />
    <TestEntry testId="b80b9f8f-8335-5069-8d9c-63308019b945" executionId="076daf81-bd48-4153-bfe0-094a60ddb56b" testListId="8c84fa94-04c1-424b-9868-57a2d4851a1d" />
    <TestEntry testId="03349980-c1ba-bc3d-291f-8497b6c72f21" executionId="ed7d2e25-900b-4f2b-9ffe-0897b3a341d6" testListId="8c84fa94-04c1-424b-9868-57a2d4851a1d" />
    <TestEntry testId="24dda0b7-86f6-e295-213d-43fa90be4c07" executionId="f14b234c-787b-4893-837a-0b4389c5d039" testListId="8c84fa94-04c1-424b-9868-57a2d4851a1d" />
    <TestEntry testId="12390165-87a6-df2a-3d3a-b1eaad72dfc8" executionId="46f3333f-d9e4-4e0a-9683-fba5760cade4" testListId="8c84fa94-04c1-424b-9868-57a2d4851a1d" />
    <TestEntry testId="3ed26338-121b-e0ec-fb62-f33b786f7ef2" executionId="6a27c367-840a-44ef-8b8d-cfa5959ab295" testListId="8c84fa94-04c1-424b-9868-57a2d4851a1d" />
    <TestEntry testId="0bddbc02-3de4-d2b9-182e-1f101dbafd4c" executionId="0244c949-a627-4918-ba9a-c75e63f4a601" testListId="8c84fa94-04c1-424b-9868-57a2d4851a1d" />
    <TestEntry testId="5724b27e-f603-fda4-e795-66acd714af75" executionId="b28fdb01-b1f8-4bd3-8568-e9f9178e9eea" testListId="8c84fa94-04c1-424b-9868-57a2d4851a1d" />
    <TestEntry testId="03dce6c7-1cde-4c1c-7021-2e498679dd0a" executionId="e15c22f1-ac50-45c7-b795-4306b7749207" testListId="8c84fa94-04c1-424b-9868-57a2d4851a1d" />
    <TestEntry testId="d6414711-0d62-dd91-2b28-314f8e578fc1" executionId="6cfcdfab-4133-4b05-9466-930a24b6be20" testListId="8c84fa94-04c1-424b-9868-57a2d4851a1d" />
    <TestEntry testId="55417778-a843-4f39-0e1e-bcae94e354c5" executionId="aa0713ea-8102-4162-8550-3a815d3bf518" testListId="8c84fa94-04c1-424b-9868-57a2d4851a1d" />
    <TestEntry testId="1a0b4da2-bd05-1d05-1216-c46f05836413" executionId="b7d00936-3c2a-4aba-9ba2-946cb2a3460f" testListId="8c84fa94-04c1-424b-9868-57a2d4851a1d" />
    <TestEntry testId="b2af83c7-3d31-428b-c4a5-7e12cf170eb2" executionId="450f42ed-0de3-4a03-b57b-bcd8c276a7e9" testListId="8c84fa94-04c1-424b-9868-57a2d4851a1d" />
    <TestEntry testId="7134c3aa-7f96-0fa3-85a5-574e74fe5437" executionId="7ca0e89f-fc95-4bbf-8c73-17d3893c2f8b" testListId="8c84fa94-04c1-424b-9868-57a2d4851a1d" />
    <TestEntry testId="08777e81-a50f-1fc4-53d0-9a63ca40d0ee" executionId="fe513462-9f70-4b36-b29b-857ae3b3bbed" testListId="8c84fa94-04c1-424b-9868-57a2d4851a1d" />
    <TestEntry testId="38a7abd1-3950-60de-4eeb-b8afa0e191be" executionId="ecbfde7d-affe-4b30-98ab-57b35b4d4334" testListId="8c84fa94-04c1-424b-9868-57a2d4851a1d" />
    <TestEntry testId="692cd5b8-39d5-5883-a324-83919c071439" executionId="d3ca30be-5c20-473d-81c4-28c5d4d65ad0" testListId="8c84fa94-04c1-424b-9868-57a2d4851a1d" />
    <TestEntry testId="ab58597b-d4e0-37b6-718a-85930ec1c3a8" executionId="a175d261-0d3c-48f9-b85f-f06794161a98" testListId="8c84fa94-04c1-424b-9868-57a2d4851a1d" />
    <TestEntry testId="907cf49e-3cc7-bfb3-78f6-1164ea91b2a7" executionId="6889ce76-aa05-470d-90a3-819b831cadb0" testListId="8c84fa94-04c1-424b-9868-57a2d4851a1d" />
    <TestEntry testId="43339122-3af2-8478-cb3e-15dd813a2ab0" executionId="d0cb0062-3176-45b9-9aed-6cc9cc4e911a" testListId="8c84fa94-04c1-424b-9868-57a2d4851a1d" />
    <TestEntry testId="ccaf5847-76c8-beb3-504c-b39b9a381f79" executionId="50881567-73dd-4daf-95d5-744c65611e35" testListId="8c84fa94-04c1-424b-9868-57a2d4851a1d" />
    <TestEntry testId="8c2df97e-6020-077a-ceb3-2706de47ad9e" executionId="c445a029-7008-4a01-b999-bd7f9ddc7f1f" testListId="8c84fa94-04c1-424b-9868-57a2d4851a1d" />
    <TestEntry testId="64d75074-b432-b5e6-f1cc-e2daa98cdcd0" executionId="2185e98f-a71f-42f6-bb22-6c896a59101a" testListId="8c84fa94-04c1-424b-9868-57a2d4851a1d" />
    <TestEntry testId="5b4790a0-b7a8-ba4f-4da8-1c8fd92f7a83" executionId="7fb23eb8-bd1b-41cc-a58d-593e49e167f3" testListId="8c84fa94-04c1-424b-9868-57a2d4851a1d" />
    <TestEntry testId="36b47268-4ac5-a82b-c145-8e73a04faddd" executionId="f32ba047-b1b9-4897-89cf-7cfbb23b4e33" testListId="8c84fa94-04c1-424b-9868-57a2d4851a1d" />
    <TestEntry testId="8d4dbc93-ee2a-4f59-76d2-5b97b5fb0fcd" executionId="7af6e49b-30ff-449d-be69-d17df9971256" testListId="8c84fa94-04c1-424b-9868-57a2d4851a1d" />
    <TestEntry testId="1ae68696-74a4-ef04-2a75-bddebf14d31b" executionId="9efb22b2-8c0d-4464-8bb5-3d1d0247583c" testListId="8c84fa94-04c1-424b-9868-57a2d4851a1d" />
    <TestEntry testId="dd11c3ba-c661-0c62-02a6-8bcdf438cb40" executionId="4c038cbd-0c4a-455f-a3c1-c8f590ce9531" testListId="8c84fa94-04c1-424b-9868-57a2d4851a1d" />
    <TestEntry testId="ebd95c5b-8f0a-7c89-0922-3692bd26ea3c" executionId="bba7e2a7-ea02-4e10-82fc-041d506a9829" testListId="8c84fa94-04c1-424b-9868-57a2d4851a1d" />
    <TestEntry testId="bd81582d-d2eb-8ad6-3543-5eb801f0943f" executionId="225b7671-5085-4eef-ad0f-721233187121" testListId="8c84fa94-04c1-424b-9868-57a2d4851a1d" />
    <TestEntry testId="5b27b537-47b5-06e8-e39c-d43263c5e3aa" executionId="df6343d2-a7f9-407d-a3ec-690820e4c4f4" testListId="8c84fa94-04c1-424b-9868-57a2d4851a1d" />
    <TestEntry testId="20e2c720-9af2-aa39-c947-7ff3c6f0e20c" executionId="0cd3dee1-e267-4b4c-8a40-7930f2ee86ab" testListId="8c84fa94-04c1-424b-9868-57a2d4851a1d" />
    <TestEntry testId="cdebdf39-a063-2a23-ef4d-0efa5741165b" executionId="a9847b29-08ad-4380-92d4-51496e772e0a" testListId="8c84fa94-04c1-424b-9868-57a2d4851a1d" />
    <TestEntry testId="d5afc16d-da3f-9ddd-7c2d-33da8c05b332" executionId="0a99fdb6-6de2-4a4a-8a18-45834169f8e1" testListId="8c84fa94-04c1-424b-9868-57a2d4851a1d" />
    <TestEntry testId="3895ab1c-644b-acb2-24a9-fa8cddbb38e7" executionId="37c6c28f-56d5-401e-9d12-39727648641b" testListId="8c84fa94-04c1-424b-9868-57a2d4851a1d" />
    <TestEntry testId="10b7f33a-268e-f86d-9e65-c5a9de0ec6c5" executionId="2c29973b-b5e3-4507-81da-ba84e48a7648" testListId="8c84fa94-04c1-424b-9868-57a2d4851a1d" />
    <TestEntry testId="50d110e2-241e-75b4-ca40-47e611645066" executionId="ba4d1622-fc14-4cd5-93c5-626c1ee8080a" testListId="8c84fa94-04c1-424b-9868-57a2d4851a1d" />
    <TestEntry testId="a87f0d9a-7927-5a08-af6b-a96cbe9eb1cd" executionId="10816a05-94fe-46f8-92b4-f16a33d565a5" testListId="8c84fa94-04c1-424b-9868-57a2d4851a1d" />
    <TestEntry testId="c70286c4-e0e5-7213-321d-d8ed5b3a8eff" executionId="d71f7c57-79fd-4297-99c1-689def07e501" testListId="8c84fa94-04c1-424b-9868-57a2d4851a1d" />
    <TestEntry testId="686f06c5-e088-9c7c-f3da-0cd5de080e13" executionId="613f801c-08f3-4071-b01c-741ec2d5a367" testListId="8c84fa94-04c1-424b-9868-57a2d4851a1d" />
    <TestEntry testId="4c5a94fd-b714-dea0-3b07-8da2987398e6" executionId="036218aa-a688-4d28-8a82-4df905d4324d" testListId="8c84fa94-04c1-424b-9868-57a2d4851a1d" />
    <TestEntry testId="306a8cbb-18fe-448a-e08f-5a2cfe3e5521" executionId="0c8270a9-43f0-49eb-9540-1d6025a815a0" testListId="8c84fa94-04c1-424b-9868-57a2d4851a1d" />
  </TestEntries>
  <TestLists>
    <TestList name="Resultados sin formato de lista" id="8c84fa94-04c1-424b-9868-57a2d4851a1d" />
    <TestList name="Todos los resultados cargados" id="19431567-8539-422a-85d7-44ee4e166bda" />
  </TestLists>
  <ResultSummary outcome="Completed">
    <Counters total="85" executed="85" passed="85" failed="0" error="0" timeout="0" aborted="0" inconclusive="0" passedButRunAborted="0" notRunnable="0" notExecuted="0" disconnected="0" warning="0" completed="0" inProgress="0" pending="0" />
    <Output>
      <StdOut>[xUnit.net 00:00:00.00] xUnit.net VSTest Adapter v3.1.4+50e68bbb8b (64-bit .NET 10.0.9)&#xD;
[xUnit.net 00:00:03.62]   Discovering: Tests&#xD;
[xUnit.net 00:00:03.70]   Discovered:  Tests&#xD;
[xUnit.net 00:00:03.73]   Starting:    Tests&#xD;
[xUnit.net 00:00:05.02]   Finished:    Tests&#xD;
</StdOut>
    </Output>
  </ResultSummary>
</TestRun>